#
# There is insufficient memory for the Java Runtime Environment to continue.
# Native memory allocation (mmap) failed to map 201326592 bytes. Error detail: G1 virtual space
# Possible reasons:
#   The system is out of physical RAM or swap space
#   This process is running with CompressedOops enabled, and the Java Heap may be blocking the growth of the native heap
# Possible solutions:
#   Reduce memory load on the system
#   Increase physical memory or swap space
#   Check if swap backing store is full
#   Decrease Java heap size (-Xmx/-Xms)
#   Decrease number of Java threads
#   Decrease Java thread stack sizes (-Xss)
#   Set larger code cache with -XX:ReservedCodeCacheSize=
#   JVM is running with Zero Based Compressed Oops mode in which the Java heap is
#     placed in the first 32GB address space. The Java Heap base address is the
#     maximum limit for the native heap growth. Please use -XX:HeapBaseMinAddress
#     to set the Java Heap base and to place the Java Heap above 32GB virtual address.
# This output file may be truncated or incomplete.
#
#  Out of Memory Error (os_windows.cpp:3815), pid=16024, tid=10460
#
# JRE version:  (21.0.3+13) (build )
# Java VM: OpenJDK 64-Bit Server VM (21.0.3+13-b509.4, mixed mode, sharing, tiered, compressed oops, compressed class ptrs, g1 gc, windows-amd64)
# No core dump will be written. Minidumps are not enabled by default on client versions of Windows
#

---------------  S U M M A R Y ------------

Command Line: git4idea.http.GitAskPassApp Username for 'https://github.com': 

Host: Intel(R) Pentium(R) CPU G4560 @ 3.50GHz, 4 cores, 11G,  Windows 10 , 64 bit Build 19041 (10.0.19041.5438)
Time: Tue Apr  8 00:34:22 2025 Hora oficial do Brasil elapsed time: 0.073670 seconds (0d 0h 0m 0s)

---------------  T H R E A D  ---------------

Current thread (0x000002d4195be720):  JavaThread "Unknown thread" [_thread_in_vm, id=10460, stack(0x000000f078100000,0x000000f078200000) (1024K)]

Stack: [0x000000f078100000,0x000000f078200000]
Native frames: (J=compiled Java code, j=interpreted, Vv=VM code, C=native code)
V  [jvm.dll+0x6e02e9]
V  [jvm.dll+0x8bd373]
V  [jvm.dll+0x8bf8ce]
V  [jvm.dll+0x8bffb3]
V  [jvm.dll+0x2879b6]
V  [jvm.dll+0x6dcab5]
V  [jvm.dll+0x6d0f8a]
V  [jvm.dll+0x35f9ab]
V  [jvm.dll+0x367556]
V  [jvm.dll+0x3b8b46]
V  [jvm.dll+0x3b8e18]
V  [jvm.dll+0x33216c]
V  [jvm.dll+0x332e5b]
V  [jvm.dll+0x8845d9]
V  [jvm.dll+0x3c5f28]
V  [jvm.dll+0x86d7fd]
V  [jvm.dll+0x45ab8e]
V  [jvm.dll+0x45c761]
C  [jli.dll+0x52ab]
C  [ucrtbase.dll+0x21bb2]
C  [KERNEL32.DLL+0x17374]
C  [ntdll.dll+0x4cc91]


---------------  P R O C E S S  ---------------

Threads class SMR info:
_java_thread_list=0x00007ff8a2bfd108, length=0, elements={
}

Java Threads: ( => current thread )
Total: 0

Other Threads:
  0x000002d41b70f6f0 WorkerThread "GC Thread#0"                     [id=6216, stack(0x000000f078200000,0x000000f078300000) (1024K)]
  0x000002d41b71c7d0 ConcurrentGCThread "G1 Main Marker"            [id=7856, stack(0x000000f078300000,0x000000f078400000) (1024K)]
  0x000002d41b71da70 WorkerThread "G1 Conc#0"                       [id=11024, stack(0x000000f078400000,0x000000f078500000) (1024K)]

[error occurred during error reporting (printing all threads), id 0xc0000005, EXCEPTION_ACCESS_VIOLATION (0xc0000005) at pc=0x00007ff8a22f52c7]
VM state: not at safepoint (not fully initialized)

VM Mutex/Monitor currently owned by a thread:  ([mutex/lock_event])
[0x00007ff8a2c71858] Heap_lock - owner thread: 0x000002d4195be720

Heap address: 0x0000000740a00000, size: 3062 MB, Compressed Oops mode: Zero based, Oop shift amount: 3

CDS archive(s) mapped at: [0x0000000000000000-0x0000000000000000-0x0000000000000000), size 0, SharedBaseAddress: 0x0000000800000000, ArchiveRelocationMode: 1.
Narrow klass base: 0x0000000000000000, Narrow klass shift: 0, Narrow klass range: 0x0

GC Precious Log:
 CardTable entry size: 512
 Card Set container configuration: InlinePtr #cards 4 size 8 Array Of Cards #cards 16 size 48 Howl #buckets 8 coarsen threshold 3686 Howl Bitmap #cards 512 size 80 coarsen threshold 460 Card regions per heap region 1 cards per card region 4096

Heap:
 garbage-first heap   total 0K, used 0K [0x0000000740a00000, 0x0000000800000000)
  region size 2048K, 0 young (0K), 0 survivors (0K)
 Metaspace       used 0K, committed 0K, reserved 0K
  class space    used 0K, committed 0K, reserved 0K

Heap Regions: E=young(eden), S=young(survivor), O=old, HS=humongous(starts), HC=humongous(continues), CS=collection set, F=free, TAMS=top-at-mark-start, PB=parsable bottom

Card table byte_map: [0x000002d42ebe0000,0x000002d42f1e0000] _byte_map_base: 0x000002d42b1db000

Marking Bits: (CMBitMap*) 0x000002d41b70fdf0
 Bits: [0x000002d42f1e0000, 0x000002d4321b8000)

GC Heap History (0 events):
No events

Dll operation events (1 events):
Event: 0.036 Loaded shared library D:\IntelliJ IDEA 2024.2\jbr\bin\java.dll

Deoptimization events (0 events):
No events

Classes loaded (0 events):
No events

Classes unloaded (0 events):
No events

Classes redefined (0 events):
No events

Internal exceptions (0 events):
No events

ZGC Phase Switch (0 events):
No events

VM Operations (0 events):
No events

Events (0 events):
No events


Dynamic libraries:
0x00007ff616760000 - 0x00007ff61676a000 	D:\IntelliJ IDEA 2024.2\jbr\bin\java.exe
0x00007ff903950000 - 0x00007ff903b48000 	C:\Windows\SYSTEM32\ntdll.dll
0x00007ff9019e0000 - 0x00007ff901aa2000 	C:\Windows\System32\KERNEL32.DLL
0x00007ff901340000 - 0x00007ff90163f000 	C:\Windows\System32\KERNELBASE.dll
0x00007ff900ff0000 - 0x00007ff9010f0000 	C:\Windows\System32\ucrtbase.dll
0x00007ff8fb020000 - 0x00007ff8fb03b000 	D:\IntelliJ IDEA 2024.2\jbr\bin\VCRUNTIME140.dll
0x00007ff8d2220000 - 0x00007ff8d2238000 	D:\IntelliJ IDEA 2024.2\jbr\bin\jli.dll
0x00007ff9027e0000 - 0x00007ff90297d000 	C:\Windows\System32\USER32.dll
0x00007ff9018b0000 - 0x00007ff9018d2000 	C:\Windows\System32\win32u.dll
0x00007ff8ecef0000 - 0x00007ff8ed18a000 	C:\Windows\WinSxS\amd64_microsoft.windows.common-controls_6595b64144ccf1df_6.0.19041.4355_none_60b8b9eb71f62e16\COMCTL32.dll
0x00007ff901cd0000 - 0x00007ff901cfb000 	C:\Windows\System32\GDI32.dll
0x00007ff9025d0000 - 0x00007ff90266e000 	C:\Windows\System32\msvcrt.dll
0x00007ff9016f0000 - 0x00007ff90180a000 	C:\Windows\System32\gdi32full.dll
0x00007ff9012a0000 - 0x00007ff90133d000 	C:\Windows\System32\msvcp_win.dll
0x00007ff901d10000 - 0x00007ff901d3f000 	C:\Windows\System32\IMM32.DLL
0x00007ff8fbdd0000 - 0x00007ff8fbddc000 	D:\IntelliJ IDEA 2024.2\jbr\bin\vcruntime140_1.dll
0x00007ff8aba60000 - 0x00007ff8abaed000 	D:\IntelliJ IDEA 2024.2\jbr\bin\msvcp140.dll
0x00007ff8a1fb0000 - 0x00007ff8a2d62000 	D:\IntelliJ IDEA 2024.2\jbr\bin\server\jvm.dll
0x00007ff902ad0000 - 0x00007ff902b7f000 	C:\Windows\System32\ADVAPI32.dll
0x00007ff902670000 - 0x00007ff90270f000 	C:\Windows\System32\sechost.dll
0x00007ff902c80000 - 0x00007ff902da3000 	C:\Windows\System32\RPCRT4.dll
0x00007ff901810000 - 0x00007ff901837000 	C:\Windows\System32\bcrypt.dll
0x00007ff902c10000 - 0x00007ff902c7b000 	C:\Windows\System32\WS2_32.dll
0x00007ff9008a0000 - 0x00007ff9008eb000 	C:\Windows\SYSTEM32\POWRPROF.dll
0x00007ff8ea680000 - 0x00007ff8ea6a7000 	C:\Windows\SYSTEM32\WINMM.dll
0x00007ff8fbcc0000 - 0x00007ff8fbcca000 	C:\Windows\SYSTEM32\VERSION.dll
0x00007ff900850000 - 0x00007ff900862000 	C:\Windows\SYSTEM32\UMPDC.dll
0x00007ff8fed70000 - 0x00007ff8fed82000 	C:\Windows\SYSTEM32\kernel.appcore.dll
0x00007ff8ec820000 - 0x00007ff8ec82a000 	D:\IntelliJ IDEA 2024.2\jbr\bin\jimage.dll
0x00007ff8e9000000 - 0x00007ff8e91e4000 	C:\Windows\SYSTEM32\DBGHELP.DLL
0x00007ff8ded10000 - 0x00007ff8ded44000 	C:\Windows\SYSTEM32\dbgcore.DLL
0x00007ff9018e0000 - 0x00007ff901962000 	C:\Windows\System32\bcryptPrimitives.dll
0x00007ff8eafd0000 - 0x00007ff8eafef000 	D:\IntelliJ IDEA 2024.2\jbr\bin\java.dll

dbghelp: loaded successfully - version: 4.0.5 - missing functions: none
symbol engine: initialized successfully - sym options: 0x614 - pdb path: .;D:\IntelliJ IDEA 2024.2\jbr\bin;C:\Windows\SYSTEM32;C:\Windows\WinSxS\amd64_microsoft.windows.common-controls_6595b64144ccf1df_6.0.19041.4355_none_60b8b9eb71f62e16;D:\IntelliJ IDEA 2024.2\jbr\bin\server

VM Arguments:
java_command: git4idea.http.GitAskPassApp Username for 'https://github.com': 
java_class_path (initial): D:/IntelliJ IDEA 2024.2/plugins/vcs-git/lib/git4idea-rt.jar;D:/IntelliJ IDEA 2024.2/lib/externalProcess-rt.jar
Launcher Type: SUN_STANDARD

[Global flags]
     intx CICompilerCount                          = 3                                         {product} {ergonomic}
     uint ConcGCThreads                            = 1                                         {product} {ergonomic}
     uint G1ConcRefinementThreads                  = 4                                         {product} {ergonomic}
   size_t G1HeapRegionSize                         = 2097152                                   {product} {ergonomic}
    uintx GCDrainStackTargetSize                   = 64                                        {product} {ergonomic}
   size_t InitialHeapSize                          = 201326592                                 {product} {ergonomic}
   size_t MarkStackSize                            = 4194304                                   {product} {ergonomic}
   size_t MaxHeapSize                              = 3210739712                                {product} {ergonomic}
   size_t MinHeapDeltaBytes                        = 2097152                                   {product} {ergonomic}
   size_t MinHeapSize                              = 8388608                                   {product} {ergonomic}
    uintx NonNMethodCodeHeapSize                   = 5832780                                {pd product} {ergonomic}
    uintx NonProfiledCodeHeapSize                  = 122912730                              {pd product} {ergonomic}
    uintx ProfiledCodeHeapSize                     = 122912730                              {pd product} {ergonomic}
    uintx ReservedCodeCacheSize                    = 251658240                              {pd product} {ergonomic}
     bool SegmentedCodeCache                       = true                                      {product} {ergonomic}
   size_t SoftMaxHeapSize                          = 3210739712                             {manageable} {ergonomic}
     bool UseCompressedOops                        = true                           {product lp64_product} {ergonomic}
     bool UseG1GC                                  = true                                      {product} {ergonomic}
     bool UseLargePagesIndividualAllocation        = false                                  {pd product} {ergonomic}

Logging:
Log output configuration:
 #0: stdout all=warning uptime,level,tags foldmultilines=false
 #1: stderr all=off uptime,level,tags foldmultilines=false

Environment Variables:
PATH=C:/Program Files/Git/mingw64/libexec/git-core;C:/Program Files/Git/mingw64/libexec/git-core;C:\Program Files\Git\mingw64\bin;C:\Program Files\Git\usr\bin;C:\Users\lucas\bin;C:\Python311\Scripts\;C:\Python311\;C:\Program Files\Common Files\Oracle\Java\javapath;C:\Program Files (x86)\Common Files\Oracle\Java\javapath;C:\ProgramData\Oracle\Java\javapath;C:\Windows\system32;C:\Windows;C:\Windows\System32\Wbem;C:\Windows\System32\WindowsPowerShell\v1.0\;C:\Windows\System32\OpenSSH\;C:\Program Files\NVIDIA Corporation\NVIDIA NvDLISR;C:\Program Files (x86)\NVIDIA Corporation\PhysX\Common;C:\Program Files\dotnet\;C:\ProgramData\UNIVALI\Portugol Studio;C:\ProgramData\chocolatey\bin;C:\Program Files\Git\cmd;E:\;C:\Windows\System32\OpenSSH\;C:\Program Files\MySQL\MySQL Shell 8.0\bin\;C:\Users\lucas\AppData\Local\Microsoft\WindowsApps;E:\Microsoft VS Code\bin;C:\Users\lucas\AppData\Roaming\npm;C:\apache-maven-3.9.5\bin;C:\Program Files\heroku\bin
USERNAME=lucas
DISPLAY=:0.0
LC_ALL=en_US.UTF-8
TERM=xterm-256color
TMPDIR=C:\Users\lucas\AppData\Local\Temp
OS=Windows_NT
PROCESSOR_IDENTIFIER=Intel64 Family 6 Model 158 Stepping 9, GenuineIntel
TMP=C:\Users\lucas\AppData\Local\Temp
TEMP=C:\Users\lucas\AppData\Local\Temp




Periodic native trim disabled

JNI global refs:
JNI global refs: 0, weak refs: 0

JNI global refs memory usage: 0, weak refs: 0

Process memory usage:
Resident Set Size: 10640K (0% of 12541296K total physical memory with 757608K free physical memory)

OOME stack traces (most recent first):
Classloader memory used:

---------------  S Y S T E M  ---------------

OS:
 Windows 10 , 64 bit Build 19041 (10.0.19041.5438)
OS uptime: 0 days 1:30 hours
Hyper-V role detected

CPU: total 4 (initial active 4) (2 cores per cpu, 2 threads per core) family 6 model 158 stepping 9 microcode 0xb4, cx8, cmov, fxsr, ht, mmx, 3dnowpref, sse, sse2, sse3, ssse3, sse4.1, sse4.2, popcnt, lzcnt, tsc, tscinvbit, aes, erms, clmul, clflush, clflushopt, hv, rdtscp
Processor Information for all 4 processors :
  Max Mhz: 3500, Current Mhz: 3500, Mhz Limit: 3500

Memory: 4k page, system-wide physical 12247M (739M free)
TotalPageFile size 15540M (AvailPageFile size 82M)
current process WorkingSet (physical memory assigned to process): 10M, peak: 10M
current process commit charge ("private bytes"): 51M, peak: 243M

vm_info: OpenJDK 64-Bit Server VM (21.0.3+13-b509.4) for windows-amd64 JRE (21.0.3+13-b509.4), built on 2024-06-26 by "builduser" with MS VC++ 16.10 / 16.11 (VS2019)

END.
