#
# A fatal error has been detected by the Java Runtime Environment:
#
#  EXCEPTION_STACK_OVERFLOW (0xc00000fd) at pc=0x000001fb3ffa42c0, pid=9496, tid=15196
#
# JRE version: OpenJDK Runtime Environment Temurin-21.0.6+7 (21.0.6+7) (build 21.0.6+7-LTS)
# Java VM: OpenJDK 64-Bit Server VM Temurin-21.0.6+7 (21.0.6+7-LTS, mixed mode, sharing, tiered, compressed oops, compressed class ptrs, parallel gc, windows-amd64)
# Problematic frame:
# J 2198 c2 java.util.concurrent.locks.ReentrantLock$NonfairSync.initialTryLock()Z java.base@21.0.6 (58 bytes) @ 0x000001fb3ffa42c0 [0x000001fb3ffa42a0+0x0000000000000020]
#
# No core dump will be written. Minidumps are not enabled by default on client versions of Windows
#
# If you would like to submit a bug report, please visit:
#   https://github.com/adoptium/adoptium-support/issues
#

---------------  S U M M A R Y ------------

Command Line: --add-modules=ALL-SYSTEM --add-opens=java.base/java.util=ALL-UNNAMED --add-opens=java.base/java.lang=ALL-UNNAMED --add-opens=java.base/sun.nio.fs=ALL-UNNAMED -Declipse.application=org.eclipse.jdt.ls.core.id1 -Dosgi.bundles.defaultStartLevel=4 -Declipse.product=org.eclipse.jdt.ls.core.product -Djava.import.generatesMetadataFilesAtProjectRoot=false -DDetectVMInstallationsJob.disabled=true -Dfile.encoding=utf8 -XX:+UseParallelGC -XX:GCTimeRatio=4 -XX:AdaptiveSizePolicyWeight=90 -Dsun.zip.disableMemoryMapping=true -Xmx1G -Xms100m -Xlog:disable -javaagent:c:\Users\lucas\.cursor\extensions\redhat.java-1.41.1-win32-x64\lombok\lombok-1.18.36.jar -XX:+HeapDumpOnOutOfMemoryError -XX:HeapDumpPath=c:\Users\lucas\AppData\Roaming\Cursor\User\workspaceStorage\0e1347ae4d7b241b03502fd2c2bda675\redhat.java -Daether.dependencyCollector.impl=bf c:\Users\lucas\.cursor\extensions\redhat.java-1.41.1-win32-x64\server\plugins\org.eclipse.equinox.launcher_1.7.0.v20250331-1702.jar -configuration c:\Users\lucas\AppData\Roaming\Cursor\User\globalStorage\redhat.java\1.41.1\config_win -data c:\Users\lucas\AppData\Roaming\Cursor\User\workspaceStorage\0e1347ae4d7b241b03502fd2c2bda675\redhat.java\jdt_ws --pipe=\\.\pipe\lsp-718ef36f1e910b73d3f4475c8d0910c8-sock

Host: Intel(R) Pentium(R) CPU G4560 @ 3.50GHz, 4 cores, 11G,  Windows 10 , 64 bit Build 19041 (10.0.19041.5678)
Time: Mon Apr 21 20:45:22 2025 Hora oficial do Brasil elapsed time: 81.143791 seconds (0d 0h 1m 21s)

---------------  T H R E A D  ---------------

Current thread (0x000001fb9a2dc910):  JavaThread "RxNewThreadScheduler-2" daemon [_thread_in_Java, id=15196, stack(0x0000009818500000,0x0000009818600000) (1024K)]

Stack: [0x0000009818500000,0x0000009818600000],  sp=0x00000098185fefb8,  free space=1019k
Native frames: (J=compiled Java code, j=interpreted, Vv=VM code, C=native code)
C  0x000001fb3ffa42c0

The last pc belongs to nmethod (printed below).

siginfo: EXCEPTION_STACK_OVERFLOW (0xc00000fd), ExceptionInformation=0x0000000000000001 0x00000098185f6fb8 


Registers:
RAX=0x000001fb4a1ac940, RBX=0x0000000000000000, RCX=0x000000000000281b, RDX=0x00000000eacf3960
RSP=0x00000098185fefb8, RBP=0x00000098185ff098, RSI=0x000001fb4a1ac940, RDI=0x000000000000010e
R8 =0x0000000000000000, R9 =0x00000000eac1ce40, R10=0x000001fb4a1ac940, R11=0x000001fb4a000000
R12=0x0000000000000000, R13=0x00000098185ff048, R14=0x0000000000000000, R15=0x000001fb9a2dc910
RIP=0x000001fb3ffa42c0, EFLAGS=0x0000000000010246

XMM[0]=0x0000000000000000 0x0000000000000000
XMM[1]=0x0000000000000000 0x0000000000000000
XMM[2]=0x0000000000000000 0x0000000000000000
XMM[3]=0x0000000000000000 0x0000000000000000
XMM[4]=0x0000000000000000 0x0000000000000000
XMM[5]=0x0000000000000000 0x0000000000000000
XMM[6]=0x0000000000000000 0x0000000000000000
XMM[7]=0x0000000000000000 0x0000000000000000
XMM[8]=0x0000000000000000 0x0000000000000000
XMM[9]=0x0000000000000000 0x0000000000000000
XMM[10]=0x0000000000000000 0x0000000000000000
XMM[11]=0x0000000000000000 0x0000000000000000
XMM[12]=0x0000000000000000 0x0000000000000000
XMM[13]=0x0000000000000000 0x0000000000000000
XMM[14]=0x0000000000000000 0x0000000000000000
XMM[15]=0x0000000000000000 0x0000000000000000
  MXCSR=0x00001fa0


Register to memory mapping:

RAX=0x000001fb4a1ac940 is a pointer to class: 
java.util.concurrent.locks.ReentrantLock$NonfairSync {0x000001fb4a1ac948}
 - instance size:     4
 - klass size:        71
 - access:            final synchronized 
 - flags:             rewritten has_nonstatic_fields is_shared_boot_class has_vanilla_constructor has_final_method 
 - state:             fully_initialized
 - name:              'java/util/concurrent/locks/ReentrantLock$NonfairSync'
 - super:             'java/util/concurrent/locks/ReentrantLock$Sync'
 - sub:               
 - arrays:            null
 - methods:           Array<T>(0x000001fb4a8210d0)
 - method ordering:   Array<T>(0x000001fb4a821130)
 - local interfaces:  Array<T>(0x000001fb4a611548)
 - trans. interfaces: Array<T>(0x000001fb4a81e370)
 - constants:         constant pool [69] {0x000001fb4a820da8} for 'java/util/concurrent/locks/ReentrantLock$NonfairSync' cache=0x000001fb4a1ae3f8
 - class loader data:  loader data: 0x000001fb351f6930 of 'bootstrap'
 - inner classes:     Array<T>(0x000001fb4a8210b0)
 - nest members:     Array<T>(0x000001fb4a6114d0)
 - permitted subclasses:     Array<T>(0x000001fb4a6114d0)
 - java mirror:       a 'java/lang/Class'{0x00000000c03e07c0} = 'java/util/concurrent/locks/ReentrantLock$NonfairSync'
 - vtable length      11  (start addr: 0x000001fb4a1acb00)
 - itable length      2 (start addr: 0x000001fb4a1acb58)
 - ---- static fields (1 words):
 - private static final 'serialVersionUID' 'J' @112 
 - ---- non-static fields (4 words):
 - private transient 'exclusiveOwnerThread' 'Ljava/lang/Thread;' @12 
 - private volatile 'state' 'I' @16 
 - private volatile transient 'head' 'Ljava/util/concurrent/locks/AbstractQueuedSynchronizer$Node;' @20 
 - private volatile transient 'tail' 'Ljava/util/concurrent/locks/AbstractQueuedSynchronizer$Node;' @24 
 - non-static oop maps: 12-12 20-24 
RBX=0x0 is null
RCX=0x000000000000281b is an unknown value
RDX=0x00000000eacf3960 is an oop: java.util.concurrent.locks.ReentrantLock$NonfairSync 
{0x00000000eacf3960} - klass: 'java/util/concurrent/locks/ReentrantLock$NonfairSync'
 - ---- fields (total size 4 words):
 - private transient 'exclusiveOwnerThread' 'Ljava/lang/Thread;' @12  null (0x00000000)
 - private volatile 'state' 'I' @16  0 (0x00000000)
 - private volatile transient 'head' 'Ljava/util/concurrent/locks/AbstractQueuedSynchronizer$Node;' @20  null (0x00000000)
 - private volatile transient 'tail' 'Ljava/util/concurrent/locks/AbstractQueuedSynchronizer$Node;' @24  null (0x00000000)
RSP=0x00000098185fefb8 is pointing into the stack for thread: 0x000001fb9a2dc910
RBP=0x00000098185ff098 is pointing into the stack for thread: 0x000001fb9a2dc910
RSI=0x000001fb4a1ac940 is a pointer to class: 
java.util.concurrent.locks.ReentrantLock$NonfairSync {0x000001fb4a1ac948}
 - instance size:     4
 - klass size:        71
 - access:            final synchronized 
 - flags:             rewritten has_nonstatic_fields is_shared_boot_class has_vanilla_constructor has_final_method 
 - state:             fully_initialized
 - name:              'java/util/concurrent/locks/ReentrantLock$NonfairSync'
 - super:             'java/util/concurrent/locks/ReentrantLock$Sync'
 - sub:               
 - arrays:            null
 - methods:           Array<T>(0x000001fb4a8210d0)
 - method ordering:   Array<T>(0x000001fb4a821130)
 - local interfaces:  Array<T>(0x000001fb4a611548)
 - trans. interfaces: Array<T>(0x000001fb4a81e370)
 - constants:         constant pool [69] {0x000001fb4a820da8} for 'java/util/concurrent/locks/ReentrantLock$NonfairSync' cache=0x000001fb4a1ae3f8
 - class loader data:  loader data: 0x000001fb351f6930 of 'bootstrap'
 - inner classes:     Array<T>(0x000001fb4a8210b0)
 - nest members:     Array<T>(0x000001fb4a6114d0)
 - permitted subclasses:     Array<T>(0x000001fb4a6114d0)
 - java mirror:       a 'java/lang/Class'{0x00000000c03e07c0} = 'java/util/concurrent/locks/ReentrantLock$NonfairSync'
 - vtable length      11  (start addr: 0x000001fb4a1acb00)
 - itable length      2 (start addr: 0x000001fb4a1acb58)
 - ---- static fields (1 words):
 - private static final 'serialVersionUID' 'J' @112 
 - ---- non-static fields (4 words):
 - private transient 'exclusiveOwnerThread' 'Ljava/lang/Thread;' @12 
 - private volatile 'state' 'I' @16 
 - private volatile transient 'head' 'Ljava/util/concurrent/locks/AbstractQueuedSynchronizer$Node;' @20 
 - private volatile transient 'tail' 'Ljava/util/concurrent/locks/AbstractQueuedSynchronizer$Node;' @24 
 - non-static oop maps: 12-12 20-24 
RDI=0x000000000000010e is an unknown value
R8 =0x0 is null
R9 =0x00000000eac1ce40 is an oop: java.lang.Thread 
{0x00000000eac1ce40} - klass: 'java/lang/Thread'
 - ---- fields (total size 15 words):
 - 'threadLocalRandomProbe' 'I' @12  0 (0x00000000)
 - private volatile 'eetop' 'J' @16  2180135110928 (0x000001fb9a2dc910)
 - private final 'tid' 'J' @24  76 (0x000000000000004c)
 - 'threadLocalRandomSeed' 'J' @32  0 (0x0000000000000000)
 - injected 'jvmti_thread_state' 'J' @40  0 (0x0000000000000000)
 - 'threadLocalRandomSecondarySeed' 'I' @48  0 (0x00000000)
 - injected 'jvmti_VTMS_transition_disable_count' 'I' @52  0 (0x00000000)
 - injected 'jfr_epoch' 'S' @56  0 (0x0000)
 - volatile 'interrupted' 'Z' @58  false (0x00)
 - injected 'jvmti_is_in_VTMS_transition' 'Z' @59  false (0x00)
 - private volatile 'name' 'Ljava/lang/String;' @60  "RxNewThreadScheduler-2"{0x00000000eac1ce00} (0xeac1ce00)
 - private volatile 'contextClassLoader' 'Ljava/lang/ClassLoader;' @64  a 'jdk/internal/loader/ClassLoaders$AppClassLoader'{0x00000000c0000158} (0xc0000158)
 - private 'inheritedAccessControlContext' 'Ljava/security/AccessControlContext;' @68  a 'java/security/AccessControlContext'{0x00000000eac1cf10} (0xeac1cf10)
 - private final 'holder' 'Ljava/lang/Thread$FieldHolder;' @72  a 'java/lang/Thread$FieldHolder'{0x00000000eac1cec8} (0xeac1cec8)
 - 'threadLocals' 'Ljava/lang/ThreadLocal$ThreadLocalMap;' @76  null (0x00000000)
 - 'inheritableThreadLocals' 'Ljava/lang/ThreadLocal$ThreadLocalMap;' @80  a 'java/lang/ThreadLocal$ThreadLocalMap'{0x00000000eac1cf90} (0xeac1cf90)
 - private 'scopedValueBindings' 'Ljava/lang/Object;' @84  a 'java/lang/Class'{0x00000000c07bbee0} = 'java/lang/Thread' (0xc07bbee0)
 - final 'interruptLock' 'Ljava/lang/Object;' @88  a 'java/lang/Object'{0x00000000eac1ceb8} (0xeac1ceb8)
 - private volatile 'parkBlocker' 'Ljava/lang/Object;' @92  null (0x00000000)
 - volatile 'nioBlocker' 'Lsun/nio/ch/Interruptible;' @96  null (0x00000000)
 - private 'cont' 'Ljdk/internal/vm/Continuation;' @100  null (0x00000000)
 - private volatile 'uncaughtExceptionHandler' 'Ljava/lang/Thread$UncaughtExceptionHandler;' @104  null (0x00000000)
 - private 'container' 'Ljdk/internal/vm/ThreadContainer;' @108  a 'jdk/internal/vm/SharedThreadContainer'{0x00000000eacf3bb8} (0xeacf3bb8)
 - private volatile 'headStackableScopes' 'Ljdk/internal/vm/StackableScope;' @112  null (0x00000000)
R10=0x000001fb4a1ac940 is a pointer to class: 
java.util.concurrent.locks.ReentrantLock$NonfairSync {0x000001fb4a1ac948}
 - instance size:     4
 - klass size:        71
 - access:            final synchronized 
 - flags:             rewritten has_nonstatic_fields is_shared_boot_class has_vanilla_constructor has_final_method 
 - state:             fully_initialized
 - name:              'java/util/concurrent/locks/ReentrantLock$NonfairSync'
 - super:             'java/util/concurrent/locks/ReentrantLock$Sync'
 - sub:               
 - arrays:            null
 - methods:           Array<T>(0x000001fb4a8210d0)
 - method ordering:   Array<T>(0x000001fb4a821130)
 - local interfaces:  Array<T>(0x000001fb4a611548)
 - trans. interfaces: Array<T>(0x000001fb4a81e370)
 - constants:         constant pool [69] {0x000001fb4a820da8} for 'java/util/concurrent/locks/ReentrantLock$NonfairSync' cache=0x000001fb4a1ae3f8
 - class loader data:  loader data: 0x000001fb351f6930 of 'bootstrap'
 - inner classes:     Array<T>(0x000001fb4a8210b0)
 - nest members:     Array<T>(0x000001fb4a6114d0)
 - permitted subclasses:     Array<T>(0x000001fb4a6114d0)
 - java mirror:       a 'java/lang/Class'{0x00000000c03e07c0} = 'java/util/concurrent/locks/ReentrantLock$NonfairSync'
 - vtable length      11  (start addr: 0x000001fb4a1acb00)
 - itable length      2 (start addr: 0x000001fb4a1acb58)
 - ---- static fields (1 words):
 - private static final 'serialVersionUID' 'J' @112 
 - ---- non-static fields (4 words):
 - private transient 'exclusiveOwnerThread' 'Ljava/lang/Thread;' @12 
 - private volatile 'state' 'I' @16 
 - private volatile transient 'head' 'Ljava/util/concurrent/locks/AbstractQueuedSynchronizer$Node;' @20 
 - private volatile transient 'tail' 'Ljava/util/concurrent/locks/AbstractQueuedSynchronizer$Node;' @24 
 - non-static oop maps: 12-12 20-24 
R11=0x000001fb4a000000 is pointing into metadata
R12=0x0 is null
R13=0x00000098185ff048 is pointing into the stack for thread: 0x000001fb9a2dc910
R14=0x0 is null
R15=0x000001fb9a2dc910 is a thread

Top of Stack: (sp=0x00000098185fefb8)
0x00000098185fefb8:   000001fb39c7d834 0000000000000000
0x00000098185fefc8:   0000000000000000 0000000000000000
0x00000098185fefd8:   0000000000000000 0000000000000000
0x00000098185fefe8:   0000000000000000 0000000000000000
0x00000098185feff8:   0000000000000000 0000000000000000
0x00000098185ff008:   0000000000000000 0000000000000000
0x00000098185ff018:   00000000eacf3960 0000000000000000
0x00000098185ff028:   0000000000000000 00000098185ff098
0x00000098185ff038:   000001fb3f908560 000001fb3f908560
0x00000098185ff048:   00000000eacf3950 00000098185ff050
0x00000098185ff058:   000001fb8c399da6 0000000000000009
0x00000098185ff068:   000001fb8c39ada8 0000000000000000
0x00000098185ff078:   00000000c035db30 000001fb8c399e98
0x00000098185ff088:   00000098185ff048 00000098185ff0e0
0x00000098185ff098:   00000098185ff130 000001fb3f9086d2
0x00000098185ff0a8:   0000000000000000 0000000000000000
0x00000098185ff0b8:   0000000000000000 0000000000000000
0x00000098185ff0c8:   0000000000000000 0000000000000000
0x00000098185ff0d8:   00000000eacf3950 00000000eacf38e0
0x00000098185ff0e8:   00000098185ff0e8 000001fb8c39ab19
0x00000098185ff0f8:   0000000000000002 000001fb8c39ada8
0x00000098185ff108:   0000000000000000 00000000c035db30
0x00000098185ff118:   000001fb8c39ab28 00000098185ff0e0
0x00000098185ff128:   00000098185ff140 00000098185ff190
0x00000098185ff138:   000001fb3f908b78 00000000eacf38e0
0x00000098185ff148:   00000098185ff148 000001fb8c393f1b
0x00000098185ff158:   0000000000000007 000001fb8c396510
0x00000098185ff168:   000001fb8f3cc5d0 00000000c035d908
0x00000098185ff178:   000001fb8c393f50 00000098185ff140
0x00000098185ff188:   00000098185ff1c8 00000098185ff218
0x00000098185ff198:   000001fb3f9086d2 0000000000000000
0x00000098185ff1a8:   0000000000000000 0000000000000001 

Instructions: (pc=0x000001fb3ffa42c0)
0x000001fb3ffa41c0:   f8 43 fa 3f fb 01 00 00 00 00 00 00 00 00 00 00
0x000001fb3ffa41d0:   00 00 00 00 00 00 00 00 0c 00 00 00 00 00 00 00
0x000001fb3ffa41e0:   00 00 00 00 00 00 00 00 00 00 00 00 00 00 00 00
0x000001fb3ffa41f0:   a0 42 fa 3f fb 01 00 00 c0 42 fa 3f fb 01 00 00
0x000001fb3ffa4200:   a0 42 fa 3f fb 01 00 00 00 00 00 00 ff ff ff ff
0x000001fb3ffa4210:   88 02 00 00 ff ff ff ff 90 01 00 00 88 02 00 00
0x000001fb3ffa4220:   a0 02 00 00 a0 02 00 00 00 00 00 00 e8 02 00 00
0x000001fb3ffa4230:   18 03 00 00 28 03 00 00 28 03 00 00 28 03 00 00
0x000001fb3ffa4240:   28 03 00 00 28 03 00 00 00 00 00 00 96 08 00 00
0x000001fb3ffa4250:   00 00 00 00 02 00 00 00 ff ff ff ff ff ff ff ff
0x000001fb3ffa4260:   04 06 00 00 00 00 00 00 08 00 00 00 00 00 00 00
0x000001fb3ffa4270:   14 30 74 58 3f 31 05 80 4c 78 08 40 11 31 05 31
0x000001fb3ffa4280:   0e 00 00 31 0f 31 00 00 00 00 00 00 00 00 00 00
0x000001fb3ffa4290:   00 00 00 00 00 00 00 00 00 00 00 00 00 00 00 00
0x000001fb3ffa42a0:   44 8b 52 08 49 bb 00 00 00 4a fb 01 00 00 4d 03
0x000001fb3ffa42b0:   d3 49 3b c2 0f 85 c6 a1 9a ff 66 90 0f 1f 40 00
0x000001fb3ffa42c0:   89 84 24 00 80 ff ff 55 48 83 ec 10 41 81 7f 20
0x000001fb3ffa42d0:   06 00 00 00 0f 85 b0 00 00 00 4d 8b 97 80 03 00
0x000001fb3ffa42e0:   00 4d 8b 12 33 c0 41 bb 01 00 00 00 f0 44 0f b1
0x000001fb3ffa42f0:   5a 10 41 0f 94 c3 45 0f b6 db 66 0f 1f 44 00 00
0x000001fb3ffa4300:   45 85 db 74 31 44 89 52 0c 4c 8b d2 49 c1 ea 09
0x000001fb3ffa4310:   49 bb 00 00 5b 34 fb 01 00 00 47 88 24 13 b8 01
0x000001fb3ffa4320:   00 00 00 48 83 c4 10 5d 49 3b a7 48 04 00 00 0f
0x000001fb3ffa4330:   87 3f 00 00 00 c3 44 8b 42 0c 4d 8b d8 66 66 90
0x000001fb3ffa4340:   4d 3b da 75 19 8b 6a 10 ff c5 85 ed 7c 14 89 6a
0x000001fb3ffa4350:   10 f0 83 44 24 c0 00 b8 01 00 00 00 eb c5 33 c0
0x000001fb3ffa4360:   eb c1 ba 45 ff ff ff e8 94 f6 9a ff 0f 1f 84 00
0x000001fb3ffa4370:   5c 02 00 00 49 ba 28 43 fa 3f fb 01 00 00 4d 89
0x000001fb3ffa4380:   97 60 04 00 00 e9 f6 02 9b ff e8 71 47 99 ff e9
0x000001fb3ffa4390:   46 ff ff ff f4 f4 f4 f4 e9 e3 ad 9c ff e8 00 00
0x000001fb3ffa43a0:   00 00 48 83 2c 24 05 e9 f4 fb 9a ff f4 f4 f4 f4
0x000001fb3ffa43b0:   60 e5 1a 4a fb 01 00 00 78 d1 1a 4a fb 01 00 00 


Stack slot to memory mapping:

stack at sp + 0 slots: 0x000001fb39c7d834 is at entry_point+788 in (nmethod*)0x000001fb39c7d310
Compiled method (c1) 81180 11448       3       java.util.concurrent.locks.ReentrantLock::lockInterruptibly (8 bytes)
 total in heap  [0x000001fb39c7d310,0x000001fb39c7dc88] = 2424
 relocation     [0x000001fb39c7d470,0x000001fb39c7d510] = 160
 main code      [0x000001fb39c7d520,0x000001fb39c7da48] = 1320
 stub code      [0x000001fb39c7da48,0x000001fb39c7dac0] = 120
 metadata       [0x000001fb39c7dac0,0x000001fb39c7daf0] = 48
 scopes data    [0x000001fb39c7daf0,0x000001fb39c7db68] = 120
 scopes pcs     [0x000001fb39c7db68,0x000001fb39c7dc58] = 240
 dependencies   [0x000001fb39c7dc58,0x000001fb39c7dc68] = 16
 nul chk table  [0x000001fb39c7dc68,0x000001fb39c7dc88] = 32
stack at sp + 1 slots: 0x0 is null
stack at sp + 2 slots: 0x0 is null
stack at sp + 3 slots: 0x0 is null
stack at sp + 4 slots: 0x0 is null
stack at sp + 5 slots: 0x0 is null
stack at sp + 6 slots: 0x0 is null
stack at sp + 7 slots: 0x0 is null


Compiled method (c2) 81204 2198       4       java.util.concurrent.locks.ReentrantLock$NonfairSync::initialTryLock (58 bytes)
 total in heap  [0x000001fb3ffa4110,0x000001fb3ffa4438] = 808
 relocation     [0x000001fb3ffa4270,0x000001fb3ffa4288] = 24
 main code      [0x000001fb3ffa42a0,0x000001fb3ffa4398] = 248
 stub code      [0x000001fb3ffa4398,0x000001fb3ffa43b0] = 24
 metadata       [0x000001fb3ffa43b0,0x000001fb3ffa43e0] = 48
 scopes data    [0x000001fb3ffa43e0,0x000001fb3ffa43f8] = 24
 scopes pcs     [0x000001fb3ffa43f8,0x000001fb3ffa4428] = 48
 dependencies   [0x000001fb3ffa4428,0x000001fb3ffa4438] = 16

[Constant Pool (empty)]

[MachCode]
[Entry Point]
  # {method} {0x000001fb4a1ae568} 'initialTryLock' '()Z' in 'java/util/concurrent/locks/ReentrantLock$NonfairSync'
  #           [sp+0x20]  (sp of caller)
  0x000001fb3ffa42a0: 448b 5208 | 49bb 0000 | 004a fb01 | 0000 4d03 | d349 3bc2 

  0x000001fb3ffa42b4: ;   {runtime_call ic_miss_stub}
  0x000001fb3ffa42b4: 0f85 c6a1 | 9aff 6690 | 0f1f 4000 
[Verified Entry Point]
  0x000001fb3ffa42c0: 8984 2400 | 80ff ff55 | 4883 ec10 | 4181 7f20 | 0600 0000 | 0f85 b000 | 0000 4d8b | 9780 0300 
  0x000001fb3ffa42e0: 004d 8b12 | 33c0 41bb | 0100 0000 | f044 0fb1 | 5a10 410f | 94c3 450f | b6db 660f | 1f44 0000 
  0x000001fb3ffa4300: 4585 db74 | 3144 8952 | 0c4c 8bd2 | 49c1 ea09 | 49bb 0000 | 5b34 fb01 | 0000 4788 | 2413 b801 
  0x000001fb3ffa4320: 0000 0048 | 83c4 105d 

  0x000001fb3ffa4328: ;   {poll_return}
  0x000001fb3ffa4328: 493b a748 | 0400 000f | 873f 0000 | 00c3 448b | 420c 4d8b | d866 6690 | 4d3b da75 | 198b 6a10 
  0x000001fb3ffa4348: ffc5 85ed | 7c14 896a | 10f0 8344 | 24c0 00b8 | 0100 0000 | ebc5 33c0 | ebc1 ba45 

  0x000001fb3ffa4364: ;   {runtime_call UncommonTrapBlob}
  0x000001fb3ffa4364: ffff ffe8 

  0x000001fb3ffa4368: ; ImmutableOopMap {}
                      ;*ifge {reexecute=1 rethrow=0 return_oop=0}
                      ; - (reexecute) java.util.concurrent.locks.ReentrantLock$NonfairSync::initialTryLock@36
  0x000001fb3ffa4368: 94f6 9aff 

  0x000001fb3ffa436c: ;   {other}
  0x000001fb3ffa436c: 0f1f 8400 | 5c02 0000 

  0x000001fb3ffa4374: ;   {internal_word}
  0x000001fb3ffa4374: 49ba 2843 | fa3f fb01 | 0000 4d89 | 9760 0400 

  0x000001fb3ffa4384: ;   {runtime_call SafepointBlob}
  0x000001fb3ffa4384: 00e9 f602 

  0x000001fb3ffa4388: ;   {runtime_call StubRoutines (final stubs)}
  0x000001fb3ffa4388: 9bff e871 | 4799 ffe9 | 46ff ffff | f4f4 f4f4 
[Exception Handler]
  0x000001fb3ffa4398: ;   {no_reloc}
  0x000001fb3ffa4398: e9e3 ad9c | ffe8 0000 | 0000 4883 

  0x000001fb3ffa43a4: ;   {runtime_call DeoptimizationBlob}
  0x000001fb3ffa43a4: 2c24 05e9 | f4fb 9aff | f4f4 f4f4 
[/MachCode]


---------------  P R O C E S S  ---------------

Threads class SMR info:
_java_thread_list=0x000001fb91ba26f0, length=54, elements={
0x000001fb351d1a20, 0x000001fb494faf30, 0x000001fb494fc830, 0x000001fb495002c0,
0x000001fb49500fd0, 0x000001fb49502b90, 0x000001fb495035e0, 0x000001fb49504410,
0x000001fb495753d0, 0x000001fb35296d10, 0x000001fb8b59d7b0, 0x000001fb8ba56b80,
0x000001fb8bc77410, 0x000001fb8bc65430, 0x000001fb8bc220c0, 0x000001fb902fba80,
0x000001fb902f99b0, 0x000001fb902fc7a0, 0x000001fb902fb3f0, 0x000001fb902fa6d0,
0x000001fb902f9320, 0x000001fb902fc110, 0x000001fb92749ee0, 0x000001fb9274a570,
0x000001fb92747e10, 0x000001fb927484a0, 0x000001fb9274b920, 0x000001fb9274b290,
0x000001fb9274bfb0, 0x000001fb92748b30, 0x000001fb9274ccd0, 0x000001fb927470f0,
0x000001fb92747780, 0x000001fb92749850, 0x000001fb9274c640, 0x000001fb9274d360,
0x000001fb927463d0, 0x000001fb9274d9f0, 0x000001fb927491c0, 0x000001fb92746a60,
0x000001fb907da5a0, 0x000001fb907d7e40, 0x000001fb907dac30, 0x000001fb907d8b60,
0x000001fb907d6400, 0x000001fb907d91f0, 0x000001fb9a2df700, 0x000001fb9a2dd630,
0x000001fb9a2db560, 0x000001fb9a2dc280, 0x000001fb9a2ddcc0, 0x000001fb92a9a000,
0x000001fb9a2de350, 0x000001fb9a2dc910
}

Java Threads: ( => current thread )
  0x000001fb351d1a20 JavaThread "main"                              [_thread_blocked, id=1804, stack(0x0000009814800000,0x0000009814900000) (1024K)]
  0x000001fb494faf30 JavaThread "Reference Handler"          daemon [_thread_blocked, id=7748, stack(0x0000009814c00000,0x0000009814d00000) (1024K)]
  0x000001fb494fc830 JavaThread "Finalizer"                  daemon [_thread_blocked, id=10836, stack(0x0000009814d00000,0x0000009814e00000) (1024K)]
  0x000001fb495002c0 JavaThread "Signal Dispatcher"          daemon [_thread_blocked, id=10160, stack(0x0000009814e00000,0x0000009814f00000) (1024K)]
  0x000001fb49500fd0 JavaThread "Attach Listener"            daemon [_thread_blocked, id=11988, stack(0x0000009814f00000,0x0000009815000000) (1024K)]
  0x000001fb49502b90 JavaThread "Service Thread"             daemon [_thread_blocked, id=8936, stack(0x0000009815000000,0x0000009815100000) (1024K)]
  0x000001fb495035e0 JavaThread "Monitor Deflation Thread"   daemon [_thread_blocked, id=8640, stack(0x0000009815100000,0x0000009815200000) (1024K)]
  0x000001fb49504410 JavaThread "C2 CompilerThread0"         daemon [_thread_blocked, id=15028, stack(0x0000009815200000,0x0000009815300000) (1024K)]
  0x000001fb495753d0 JavaThread "C1 CompilerThread0"         daemon [_thread_blocked, id=14148, stack(0x0000009815300000,0x0000009815400000) (1024K)]
  0x000001fb35296d10 JavaThread "Common-Cleaner"             daemon [_thread_blocked, id=9152, stack(0x0000009815400000,0x0000009815500000) (1024K)]
  0x000001fb8b59d7b0 JavaThread "Notification Thread"        daemon [_thread_blocked, id=15620, stack(0x0000009815500000,0x0000009815600000) (1024K)]
  0x000001fb8ba56b80 JavaThread "Active Thread: Equinox Container: 4a2a6e3c-ce65-4029-a178-b30fc25bac6a"        [_thread_blocked, id=3768, stack(0x0000009815900000,0x0000009815a00000) (1024K)]
  0x000001fb8bc77410 JavaThread "Refresh Thread: Equinox Container: 4a2a6e3c-ce65-4029-a178-b30fc25bac6a" daemon [_thread_blocked, id=3472, stack(0x0000009815a00000,0x0000009815b00000) (1024K)]
  0x000001fb8bc65430 JavaThread "Framework Event Dispatcher: Equinox Container: 4a2a6e3c-ce65-4029-a178-b30fc25bac6a" daemon [_thread_blocked, id=6320, stack(0x0000009815b00000,0x0000009815c00000) (1024K)]
  0x000001fb8bc220c0 JavaThread "Start Level: Equinox Container: 4a2a6e3c-ce65-4029-a178-b30fc25bac6a" daemon [_thread_blocked, id=12272, stack(0x0000009815c00000,0x0000009815d00000) (1024K)]
  0x000001fb902fba80 JavaThread "Bundle File Closer"         daemon [_thread_blocked, id=7580, stack(0x0000009815e00000,0x0000009815f00000) (1024K)]
  0x000001fb902f99b0 JavaThread "SCR Component Actor"        daemon [_thread_blocked, id=10956, stack(0x0000009815d00000,0x0000009815e00000) (1024K)]
  0x000001fb902fc7a0 JavaThread "Worker-JM"                         [_thread_blocked, id=10648, stack(0x0000009816000000,0x0000009816100000) (1024K)]
  0x000001fb902fb3f0 JavaThread "JNA Cleaner"                daemon [_thread_blocked, id=13692, stack(0x0000009816100000,0x0000009816200000) (1024K)]
  0x000001fb902fa6d0 JavaThread "Worker-0"                          [_thread_blocked, id=13500, stack(0x0000009816200000,0x0000009816300000) (1024K)]
  0x000001fb902f9320 JavaThread "Worker-1"                          [_thread_blocked, id=10888, stack(0x0000009816300000,0x0000009816400000) (1024K)]
  0x000001fb902fc110 JavaThread "Worker-2"                          [_thread_blocked, id=10580, stack(0x0000009816500000,0x0000009816600000) (1024K)]
  0x000001fb92749ee0 JavaThread "Java indexing"              daemon [_thread_blocked, id=16488, stack(0x0000009816600000,0x0000009816700000) (1024K)]
  0x000001fb9274a570 JavaThread "Worker-3"                          [_thread_blocked, id=8412, stack(0x0000009816900000,0x0000009816a00000) (1024K)]
  0x000001fb92747e10 JavaThread "Worker-4"                          [_thread_blocked, id=13364, stack(0x0000009816a00000,0x0000009816b00000) (1024K)]
  0x000001fb927484a0 JavaThread "Thread-2"                   daemon [_thread_in_native, id=832, stack(0x0000009816b00000,0x0000009816c00000) (1024K)]
  0x000001fb9274b920 JavaThread "Thread-3"                   daemon [_thread_in_native, id=15652, stack(0x0000009816c00000,0x0000009816d00000) (1024K)]
  0x000001fb9274b290 JavaThread "Thread-4"                   daemon [_thread_in_native, id=5816, stack(0x0000009816d00000,0x0000009816e00000) (1024K)]
  0x000001fb9274bfb0 JavaThread "Thread-5"                   daemon [_thread_in_native, id=9620, stack(0x0000009816e00000,0x0000009816f00000) (1024K)]
  0x000001fb92748b30 JavaThread "Thread-6"                   daemon [_thread_in_native, id=3100, stack(0x0000009816f00000,0x0000009817000000) (1024K)]
  0x000001fb9274ccd0 JavaThread "pool-2-thread-1"                   [_thread_blocked, id=1456, stack(0x0000009817000000,0x0000009817100000) (1024K)]
  0x000001fb927470f0 JavaThread "WorkspaceEventsHandler"            [_thread_blocked, id=16276, stack(0x0000009815f00000,0x0000009816000000) (1024K)]
  0x000001fb92747780 JavaThread "pool-1-thread-1"                   [_thread_blocked, id=12308, stack(0x0000009817100000,0x0000009817200000) (1024K)]
  0x000001fb92749850 JavaThread "Worker-5"                          [_thread_blocked, id=7868, stack(0x0000009817200000,0x0000009817300000) (1024K)]
  0x000001fb9274c640 JavaThread "LocalFile Deleter"          daemon [_thread_blocked, id=620, stack(0x0000009816400000,0x0000009816500000) (1024K)]
  0x000001fb9274d360 JavaThread "LocalFile Deleter"          daemon [_thread_blocked, id=15024, stack(0x0000009817300000,0x0000009817400000) (1024K)]
  0x000001fb927463d0 JavaThread "LocalFile Deleter"          daemon [_thread_blocked, id=10396, stack(0x0000009817400000,0x0000009817500000) (1024K)]
  0x000001fb9274d9f0 JavaThread "LocalFile Deleter"          daemon [_thread_blocked, id=8032, stack(0x0000009817500000,0x0000009817600000) (1024K)]
  0x000001fb927491c0 JavaThread "Compiler Source File Reader" daemon [_thread_blocked, id=16220, stack(0x0000009817600000,0x0000009817700000) (1024K)]
  0x000001fb92746a60 JavaThread "Compiler Source File Reader" daemon [_thread_blocked, id=15496, stack(0x0000009817700000,0x0000009817800000) (1024K)]
  0x000001fb907da5a0 JavaThread "Compiler Processing Task"   daemon [_thread_blocked, id=10352, stack(0x0000009817900000,0x0000009817a00000) (1024K)]
  0x000001fb907d7e40 JavaThread "Compiler Class File Writer" daemon [_thread_blocked, id=6776, stack(0x0000009817a00000,0x0000009817b00000) (1024K)]
  0x000001fb907dac30 JavaThread "Compiler Class File Writer" daemon [_thread_blocked, id=10072, stack(0x0000009817b00000,0x0000009817c00000) (1024K)]
  0x000001fb907d8b60 JavaThread "ForkJoinPool.commonPool-worker-1" daemon [_thread_blocked, id=984, stack(0x0000009817c00000,0x0000009817d00000) (1024K)]
  0x000001fb907d6400 JavaThread "ForkJoinPool.commonPool-worker-2" daemon [_thread_blocked, id=8328, stack(0x0000009817d00000,0x0000009817e00000) (1024K)]
  0x000001fb907d91f0 JavaThread "ForkJoinPool.commonPool-worker-3" daemon [_thread_blocked, id=1900, stack(0x0000009817e00000,0x0000009817f00000) (1024K)]
  0x000001fb9a2df700 JavaThread "Java Debug Server"          daemon [_thread_in_native, id=5112, stack(0x0000009814700000,0x0000009814800000) (1024K)]
  0x000001fb9a2dd630 JavaThread "pool-5-thread-1"                   [_thread_in_native, id=10344, stack(0x0000009817f00000,0x0000009818000000) (1024K)]
  0x000001fb9a2db560 JavaThread "RxSchedulerPurge-1"         daemon [_thread_blocked, id=2980, stack(0x0000009818000000,0x0000009818100000) (1024K)]
  0x000001fb9a2dc280 JavaThread "RxCachedWorkerPoolEvictor-1" daemon [_thread_blocked, id=11380, stack(0x0000009818100000,0x0000009818200000) (1024K)]
  0x000001fb9a2ddcc0 JavaThread "RxNewThreadScheduler-1"     daemon [_thread_blocked, id=4348, stack(0x0000009818200000,0x0000009818300000) (1024K)]
  0x000001fb92a9a000 JavaThread "C2 CompilerThread1"         daemon [_thread_blocked, id=1940, stack(0x0000009818300000,0x0000009818400000) (1024K)]
  0x000001fb9a2de350 JavaThread "Timer-0"                           [_thread_blocked, id=4184, stack(0x0000009818400000,0x0000009818500000) (1024K)]
=>0x000001fb9a2dc910 JavaThread "RxNewThreadScheduler-2"     daemon [_thread_in_Java, id=15196, stack(0x0000009818500000,0x0000009818600000) (1024K)]
Total: 54

Other Threads:
  0x000001fb494df130 VMThread "VM Thread"                           [id=11888, stack(0x0000009814b00000,0x0000009814c00000) (1024K)]
  0x000001fb49451ae0 WatcherThread "VM Periodic Task Thread"        [id=1716, stack(0x0000009814a00000,0x0000009814b00000) (1024K)]
  0x000001fb351eed10 WorkerThread "GC Thread#0"                     [id=7568, stack(0x0000009814900000,0x0000009814a00000) (1024K)]
  0x000001fb8b8fc0a0 WorkerThread "GC Thread#1"                     [id=8860, stack(0x0000009815600000,0x0000009815700000) (1024K)]
  0x000001fb8b8fc440 WorkerThread "GC Thread#2"                     [id=492, stack(0x0000009815700000,0x0000009815800000) (1024K)]
  0x000001fb8b8fc7e0 WorkerThread "GC Thread#3"                     [id=2128, stack(0x0000009815800000,0x0000009815900000) (1024K)]
Total: 6

Threads with active compile tasks:
Total: 0

VM state: not at safepoint (normal execution)

VM Mutex/Monitor currently owned by a thread: None

Heap address: 0x00000000c0000000, size: 1024 MB, Compressed Oops mode: 32-bit

CDS archive(s) mapped at: [0x000001fb4a000000-0x000001fb4aba0000-0x000001fb4aba0000), size 12189696, SharedBaseAddress: 0x000001fb4a000000, ArchiveRelocationMode: 1.
Compressed class space mapped at: 0x000001fb4b000000-0x000001fb8b000000, reserved size: 1073741824
Narrow klass base: 0x000001fb4a000000, Narrow klass shift: 0, Narrow klass range: 0x100000000

GC Precious Log:
 CardTable entry size: 512
 CPUs: 4 total, 4 available
 Memory: 12247M
 Large Page Support: Disabled
 NUMA Support: Disabled
 Compressed Oops: Enabled (32-bit)
 Alignments: Space 512K, Generation 512K, Heap 2M
 Heap Min Capacity: 100M
 Heap Initial Capacity: 100M
 Heap Max Capacity: 1G
 Pre-touch: Disabled
 Parallel Workers: 4

Heap:
 PSYoungGen      total 6656K, used 2352K [0x00000000eab00000, 0x00000000eb700000, 0x0000000100000000)
  eden space 6144K, 35% used [0x00000000eab00000,0x00000000ead241e8,0x00000000eb100000)
  from space 512K, 31% used [0x00000000eb680000,0x00000000eb6a8000,0x00000000eb700000)
  to   space 512K, 0% used [0x00000000eb600000,0x00000000eb600000,0x00000000eb680000)
 ParOldGen       total 287232K, used 286997K [0x00000000c0000000, 0x00000000d1880000, 0x00000000eab00000)
  object space 287232K, 99% used [0x00000000c0000000,0x00000000d1845648,0x00000000d1880000)
 Metaspace       used 73023K, committed 74624K, reserved 1179648K
  class space    used 7374K, committed 8064K, reserved 1048576K

Card table byte_map: [0x000001fb34bb0000,0x000001fb34dc0000] _byte_map_base: 0x000001fb345b0000

Marking Bits: (ParMarkBitMap*) 0x00007ffee21a3260
 Begin Bits: [0x000001fb473d0000, 0x000001fb483d0000)
 End Bits:   [0x000001fb483d0000, 0x000001fb493d0000)

Polling page: 0x000001fb349a0000

Metaspace:

Usage:
  Non-class:     64.11 MB used.
      Class:      7.20 MB used.
       Both:     71.31 MB used.

Virtual space:
  Non-class space:      128.00 MB reserved,      65.00 MB ( 51%) committed,  2 nodes.
      Class space:        1.00 GB reserved,       7.88 MB ( <1%) committed,  1 nodes.
             Both:        1.12 GB reserved,      72.88 MB (  6%) committed. 

Chunk freelists:
   Non-Class:  14.09 MB
       Class:  8.08 MB
        Both:  22.17 MB

MaxMetaspaceSize: unlimited
CompressedClassSpaceSize: 1.00 GB
Initial GC threshold: 21.00 MB
Current GC threshold: 115.94 MB
CDS: on
 - commit_granule_bytes: 65536.
 - commit_granule_words: 8192.
 - virtual_space_node_default_size: 8388608.
 - enlarge_chunks_in_place: 1.
 - use_allocation_guard: 0.


Internal statistics:

num_allocs_failed_limit: 13.
num_arena_births: 1360.
num_arena_deaths: 20.
num_vsnodes_births: 3.
num_vsnodes_deaths: 0.
num_space_committed: 1166.
num_space_uncommitted: 0.
num_chunks_returned_to_freelist: 36.
num_chunks_taken_from_freelist: 4830.
num_chunk_merges: 19.
num_chunk_splits: 2960.
num_chunks_enlarged: 1710.
num_inconsistent_stats: 0.

CodeHeap 'non-profiled nmethods': size=120000Kb used=9713Kb max_used=12057Kb free=110286Kb
 bounds [0x000001fb3fea0000, 0x000001fb40a70000, 0x000001fb473d0000]
CodeHeap 'profiled nmethods': size=120000Kb used=27386Kb max_used=33195Kb free=92613Kb
 bounds [0x000001fb383d0000, 0x000001fb3a440000, 0x000001fb3f900000]
CodeHeap 'non-nmethods': size=5760Kb used=1459Kb max_used=1580Kb free=4300Kb
 bounds [0x000001fb3f900000, 0x000001fb3fb70000, 0x000001fb3fea0000]
 total_blobs=13064 nmethods=12276 adapters=693
 compilation: enabled
              stopped_count=0, restarted_count=0
 full_count=0

Compilation events (20 events):
Event: 79.752 Thread 0x000001fb92a9a000 nmethod 15055 0x000001fb4096b490 code [0x000001fb4096b620, 0x000001fb4096b6f0]
Event: 79.752 Thread 0x000001fb92a9a000 15049       4       sun.nio.cs.SingleByte$Encoder::encode (32 bytes)
Event: 79.754 Thread 0x000001fb92a9a000 nmethod 15049 0x000001fb40463910 code [0x000001fb40463aa0, 0x000001fb40463c00]
Event: 79.754 Thread 0x000001fb92a9a000 15021   !   4       java.lang.invoke.BoundMethodHandle$Species_L::copyWithExtendL (31 bytes)
Event: 79.758 Thread 0x000001fb92a9a000 nmethod 15021 0x000001fb403cf790 code [0x000001fb403cf960, 0x000001fb403cfcb8]
Event: 79.758 Thread 0x000001fb92a9a000 15012       4       com.google.common.base.Preconditions::checkArgument (25 bytes)
Event: 79.759 Thread 0x000001fb92a9a000 nmethod 15012 0x000001fb40463610 code [0x000001fb404637a0, 0x000001fb40463828]
Event: 79.759 Thread 0x000001fb92a9a000 15015       4       org.osgi.util.tracker.ServiceTracker::getService (33 bytes)
Event: 79.760 Thread 0x000001fb92a9a000 nmethod 15015 0x000001fb4096b110 code [0x000001fb4096b2a0, 0x000001fb4096b3b8]
Event: 79.760 Thread 0x000001fb92a9a000 15044       4       java.nio.Buffer::nextGetIndex (30 bytes)
Event: 79.760 Thread 0x000001fb92a9a000 nmethod 15044 0x000001fb40476b90 code [0x000001fb40476d20, 0x000001fb40476dd8]
Event: 79.762 Thread 0x000001fb495753d0 15056       3       java.lang.invoke.MethodHandles::dropArgumentChecks (92 bytes)
Event: 79.763 Thread 0x000001fb495753d0 nmethod 15056 0x000001fb38dec890 code [0x000001fb38decc80, 0x000001fb38deeb20]
Event: 79.763 Thread 0x000001fb92a9a000 15059       4       jdk.internal.org.objectweb.asm.Frame::pop (53 bytes)
Event: 79.763 Thread 0x000001fb495753d0 15057       3       java.lang.invoke.LambdaFormBuffer::replaceParameterByCopy (38 bytes)
Event: 79.763 Thread 0x000001fb495753d0 nmethod 15057 0x000001fb388e0e90 code [0x000001fb388e1060, 0x000001fb388e1248]
Event: 79.763 Thread 0x000001fb495753d0 15058       3       java.lang.invoke.LambdaFormBuffer::noteDuplicate (115 bytes)
Event: 79.764 Thread 0x000001fb495753d0 nmethod 15058 0x000001fb38e7e290 code [0x000001fb38e7e4a0, 0x000001fb38e7ec20]
Event: 79.777 Thread 0x000001fb92a9a000 nmethod 15059 0x000001fb3ff49b90 code [0x000001fb3ff49e00, 0x000001fb3ff4a7d8]
Event: 79.784 Thread 0x000001fb49504410 nmethod 15009 0x000001fb40297e10 code [0x000001fb402984c0, 0x000001fb402a1338]

GC Heap History (20 events):
Event: 75.862 GC heap before
{Heap before GC invocations=1292 (full 5):
 PSYoungGen      total 6656K, used 6368K [0x00000000eab00000, 0x00000000eb400000, 0x0000000100000000)
  eden space 4096K, 100% used [0x00000000eab00000,0x00000000eaf00000,0x00000000eaf00000)
  from space 2560K, 88% used [0x00000000eb180000,0x00000000eb3b8000,0x00000000eb400000)
  to   space 2560K, 0% used [0x00000000eaf00000,0x00000000eaf00000,0x00000000eb180000)
 ParOldGen       total 270848K, used 270702K [0x00000000c0000000, 0x00000000d0880000, 0x00000000eab00000)
  object space 270848K, 99% used [0x00000000c0000000,0x00000000d085ba30,0x00000000d0880000)
 Metaspace       used 69740K, committed 71296K, reserved 1114112K
  class space    used 6933K, committed 7616K, reserved 1048576K
}
Event: 75.869 GC heap after
{Heap after GC invocations=1292 (full 5):
 PSYoungGen      total 6656K, used 2560K [0x00000000eab00000, 0x00000000ebc00000, 0x0000000100000000)
  eden space 4096K, 0% used [0x00000000eab00000,0x00000000eab00000,0x00000000eaf00000)
  from space 2560K, 100% used [0x00000000eaf00000,0x00000000eb180000,0x00000000eb180000)
  to   space 6144K, 0% used [0x00000000eb600000,0x00000000eb600000,0x00000000ebc00000)
 ParOldGen       total 273408K, used 273350K [0x00000000c0000000, 0x00000000d0b00000, 0x00000000eab00000)
  object space 273408K, 99% used [0x00000000c0000000,0x00000000d0af1a30,0x00000000d0b00000)
 Metaspace       used 69740K, committed 71296K, reserved 1114112K
  class space    used 6933K, committed 7616K, reserved 1048576K
}
Event: 75.883 GC heap before
{Heap before GC invocations=1293 (full 5):
 PSYoungGen      total 6656K, used 6656K [0x00000000eab00000, 0x00000000ebc00000, 0x0000000100000000)
  eden space 4096K, 100% used [0x00000000eab00000,0x00000000eaf00000,0x00000000eaf00000)
  from space 2560K, 100% used [0x00000000eaf00000,0x00000000eb180000,0x00000000eb180000)
  to   space 6144K, 0% used [0x00000000eb600000,0x00000000eb600000,0x00000000ebc00000)
 ParOldGen       total 273408K, used 273350K [0x00000000c0000000, 0x00000000d0b00000, 0x00000000eab00000)
  object space 273408K, 99% used [0x00000000c0000000,0x00000000d0af1a30,0x00000000d0b00000)
 Metaspace       used 69740K, committed 71296K, reserved 1114112K
  class space    used 6933K, committed 7616K, reserved 1048576K
}
Event: 75.889 GC heap after
{Heap after GC invocations=1293 (full 5):
 PSYoungGen      total 7680K, used 2496K [0x00000000eab00000, 0x00000000eb880000, 0x0000000100000000)
  eden space 5120K, 0% used [0x00000000eab00000,0x00000000eab00000,0x00000000eb000000)
  from space 2560K, 97% used [0x00000000eb600000,0x00000000eb870000,0x00000000eb880000)
  to   space 3584K, 0% used [0x00000000eb180000,0x00000000eb180000,0x00000000eb500000)
 ParOldGen       total 275968K, used 275910K [0x00000000c0000000, 0x00000000d0d80000, 0x00000000eab00000)
  object space 275968K, 99% used [0x00000000c0000000,0x00000000d0d71a30,0x00000000d0d80000)
 Metaspace       used 69740K, committed 71296K, reserved 1114112K
  class space    used 6933K, committed 7616K, reserved 1048576K
}
Event: 75.919 GC heap before
{Heap before GC invocations=1294 (full 5):
 PSYoungGen      total 7680K, used 7616K [0x00000000eab00000, 0x00000000eb880000, 0x0000000100000000)
  eden space 5120K, 100% used [0x00000000eab00000,0x00000000eb000000,0x00000000eb000000)
  from space 2560K, 97% used [0x00000000eb600000,0x00000000eb870000,0x00000000eb880000)
  to   space 3584K, 0% used [0x00000000eb180000,0x00000000eb180000,0x00000000eb500000)
 ParOldGen       total 275968K, used 275910K [0x00000000c0000000, 0x00000000d0d80000, 0x00000000eab00000)
  object space 275968K, 99% used [0x00000000c0000000,0x00000000d0d71a30,0x00000000d0d80000)
 Metaspace       used 69742K, committed 71296K, reserved 1114112K
  class space    used 6933K, committed 7616K, reserved 1048576K
}
Event: 75.925 GC heap after
{Heap after GC invocations=1294 (full 5):
 PSYoungGen      total 9728K, used 3584K [0x00000000eab00000, 0x00000000ebf00000, 0x0000000100000000)
  eden space 6144K, 0% used [0x00000000eab00000,0x00000000eab00000,0x00000000eb100000)
  from space 3584K, 100% used [0x00000000eb180000,0x00000000eb500000,0x00000000eb500000)
  to   space 7168K, 0% used [0x00000000eb800000,0x00000000eb800000,0x00000000ebf00000)
 ParOldGen       total 279040K, used 278606K [0x00000000c0000000, 0x00000000d1080000, 0x00000000eab00000)
  object space 279040K, 99% used [0x00000000c0000000,0x00000000d1013a30,0x00000000d1080000)
 Metaspace       used 69742K, committed 71296K, reserved 1114112K
  class space    used 6933K, committed 7616K, reserved 1048576K
}
Event: 79.013 GC heap before
{Heap before GC invocations=1295 (full 5):
 PSYoungGen      total 9728K, used 9728K [0x00000000eab00000, 0x00000000ebf00000, 0x0000000100000000)
  eden space 6144K, 100% used [0x00000000eab00000,0x00000000eb100000,0x00000000eb100000)
  from space 3584K, 100% used [0x00000000eb180000,0x00000000eb500000,0x00000000eb500000)
  to   space 7168K, 0% used [0x00000000eb800000,0x00000000eb800000,0x00000000ebf00000)
 ParOldGen       total 279040K, used 278606K [0x00000000c0000000, 0x00000000d1080000, 0x00000000eab00000)
  object space 279040K, 99% used [0x00000000c0000000,0x00000000d1013a30,0x00000000d1080000)
 Metaspace       used 69776K, committed 71424K, reserved 1114112K
  class space    used 6940K, committed 7680K, reserved 1048576K
}
Event: 79.021 GC heap after
{Heap after GC invocations=1295 (full 5):
 PSYoungGen      total 10752K, used 4160K [0x00000000eab00000, 0x00000000ebc80000, 0x0000000100000000)
  eden space 6144K, 0% used [0x00000000eab00000,0x00000000eab00000,0x00000000eb100000)
  from space 4608K, 90% used [0x00000000eb800000,0x00000000ebc10000,0x00000000ebc80000)
  to   space 5120K, 0% used [0x00000000eb280000,0x00000000eb280000,0x00000000eb780000)
 ParOldGen       total 282624K, used 282222K [0x00000000c0000000, 0x00000000d1400000, 0x00000000eab00000)
  object space 282624K, 99% used [0x00000000c0000000,0x00000000d139ba30,0x00000000d1400000)
 Metaspace       used 69776K, committed 71424K, reserved 1114112K
  class space    used 6940K, committed 7680K, reserved 1048576K
}
Event: 79.239 GC heap before
{Heap before GC invocations=1296 (full 5):
 PSYoungGen      total 10752K, used 10290K [0x00000000eab00000, 0x00000000ebc80000, 0x0000000100000000)
  eden space 6144K, 99% used [0x00000000eab00000,0x00000000eb0fcac8,0x00000000eb100000)
  from space 4608K, 90% used [0x00000000eb800000,0x00000000ebc10000,0x00000000ebc80000)
  to   space 5120K, 0% used [0x00000000eb280000,0x00000000eb280000,0x00000000eb780000)
 ParOldGen       total 282624K, used 282222K [0x00000000c0000000, 0x00000000d1400000, 0x00000000eab00000)
  object space 282624K, 99% used [0x00000000c0000000,0x00000000d139ba30,0x00000000d1400000)
 Metaspace       used 70094K, committed 71744K, reserved 1114112K
  class space    used 6975K, committed 7680K, reserved 1048576K
}
Event: 79.245 GC heap after
{Heap after GC invocations=1296 (full 5):
 PSYoungGen      total 6656K, used 288K [0x00000000eab00000, 0x00000000eb880000, 0x0000000100000000)
  eden space 6144K, 0% used [0x00000000eab00000,0x00000000eab00000,0x00000000eb100000)
  from space 512K, 56% used [0x00000000eb280000,0x00000000eb2c8000,0x00000000eb300000)
  to   space 2048K, 0% used [0x00000000eb680000,0x00000000eb680000,0x00000000eb880000)
 ParOldGen       total 286720K, used 286350K [0x00000000c0000000, 0x00000000d1800000, 0x00000000eab00000)
  object space 286720K, 99% used [0x00000000c0000000,0x00000000d17a3a30,0x00000000d1800000)
 Metaspace       used 70094K, committed 71744K, reserved 1114112K
  class space    used 6975K, committed 7680K, reserved 1048576K
}
Event: 79.332 GC heap before
{Heap before GC invocations=1297 (full 5):
 PSYoungGen      total 6656K, used 6432K [0x00000000eab00000, 0x00000000eb880000, 0x0000000100000000)
  eden space 6144K, 100% used [0x00000000eab00000,0x00000000eb100000,0x00000000eb100000)
  from space 512K, 56% used [0x00000000eb280000,0x00000000eb2c8000,0x00000000eb300000)
  to   space 2048K, 0% used [0x00000000eb680000,0x00000000eb680000,0x00000000eb880000)
 ParOldGen       total 286720K, used 286350K [0x00000000c0000000, 0x00000000d1800000, 0x00000000eab00000)
  object space 286720K, 99% used [0x00000000c0000000,0x00000000d17a3a30,0x00000000d1800000)
 Metaspace       used 70096K, committed 71744K, reserved 1114112K
  class space    used 6975K, committed 7680K, reserved 1048576K
}
Event: 79.333 GC heap after
{Heap after GC invocations=1297 (full 5):
 PSYoungGen      total 6656K, used 446K [0x00000000eab00000, 0x00000000eb700000, 0x0000000100000000)
  eden space 6144K, 0% used [0x00000000eab00000,0x00000000eab00000,0x00000000eb100000)
  from space 512K, 87% used [0x00000000eb680000,0x00000000eb6efa80,0x00000000eb700000)
  to   space 1024K, 0% used [0x00000000eb500000,0x00000000eb500000,0x00000000eb600000)
 ParOldGen       total 286720K, used 286534K [0x00000000c0000000, 0x00000000d1800000, 0x00000000eab00000)
  object space 286720K, 99% used [0x00000000c0000000,0x00000000d17d1a30,0x00000000d1800000)
 Metaspace       used 70096K, committed 71744K, reserved 1114112K
  class space    used 6975K, committed 7680K, reserved 1048576K
}
Event: 79.566 GC heap before
{Heap before GC invocations=1298 (full 5):
 PSYoungGen      total 6656K, used 6577K [0x00000000eab00000, 0x00000000eb700000, 0x0000000100000000)
  eden space 6144K, 99% used [0x00000000eab00000,0x00000000eb0fc9d8,0x00000000eb100000)
  from space 512K, 87% used [0x00000000eb680000,0x00000000eb6efa80,0x00000000eb700000)
  to   space 1024K, 0% used [0x00000000eb500000,0x00000000eb500000,0x00000000eb600000)
 ParOldGen       total 286720K, used 286534K [0x00000000c0000000, 0x00000000d1800000, 0x00000000eab00000)
  object space 286720K, 99% used [0x00000000c0000000,0x00000000d17d1a30,0x00000000d1800000)
 Metaspace       used 70699K, committed 72256K, reserved 1114112K
  class space    used 7038K, committed 7744K, reserved 1048576K
}
Event: 79.567 GC heap after
{Heap after GC invocations=1298 (full 5):
 PSYoungGen      total 7168K, used 241K [0x00000000eab00000, 0x00000000eb700000, 0x0000000100000000)
  eden space 6144K, 0% used [0x00000000eab00000,0x00000000eab00000,0x00000000eb100000)
  from space 1024K, 23% used [0x00000000eb500000,0x00000000eb53c5b0,0x00000000eb600000)
  to   space 512K, 0% used [0x00000000eb680000,0x00000000eb680000,0x00000000eb700000)
 ParOldGen       total 286720K, used 286558K [0x00000000c0000000, 0x00000000d1800000, 0x00000000eab00000)
  object space 286720K, 99% used [0x00000000c0000000,0x00000000d17d7a30,0x00000000d1800000)
 Metaspace       used 70699K, committed 72256K, reserved 1114112K
  class space    used 7038K, committed 7744K, reserved 1048576K
}
Event: 79.610 GC heap before
{Heap before GC invocations=1299 (full 5):
 PSYoungGen      total 7168K, used 6385K [0x00000000eab00000, 0x00000000eb700000, 0x0000000100000000)
  eden space 6144K, 100% used [0x00000000eab00000,0x00000000eb100000,0x00000000eb100000)
  from space 1024K, 23% used [0x00000000eb500000,0x00000000eb53c5b0,0x00000000eb600000)
  to   space 512K, 0% used [0x00000000eb680000,0x00000000eb680000,0x00000000eb700000)
 ParOldGen       total 286720K, used 286558K [0x00000000c0000000, 0x00000000d1800000, 0x00000000eab00000)
  object space 286720K, 99% used [0x00000000c0000000,0x00000000d17d7a30,0x00000000d1800000)
 Metaspace       used 71478K, committed 73024K, reserved 1114112K
  class space    used 7117K, committed 7808K, reserved 1048576K
}
Event: 79.611 GC heap after
{Heap after GC invocations=1299 (full 5):
 PSYoungGen      total 6656K, used 224K [0x00000000eab00000, 0x00000000eb700000, 0x0000000100000000)
  eden space 6144K, 0% used [0x00000000eab00000,0x00000000eab00000,0x00000000eb100000)
  from space 512K, 43% used [0x00000000eb680000,0x00000000eb6b8020,0x00000000eb700000)
  to   space 512K, 0% used [0x00000000eb600000,0x00000000eb600000,0x00000000eb680000)
 ParOldGen       total 287232K, used 286749K [0x00000000c0000000, 0x00000000d1880000, 0x00000000eab00000)
  object space 287232K, 99% used [0x00000000c0000000,0x00000000d18075f8,0x00000000d1880000)
 Metaspace       used 71478K, committed 73024K, reserved 1114112K
  class space    used 7117K, committed 7808K, reserved 1048576K
}
Event: 79.658 GC heap before
{Heap before GC invocations=1300 (full 5):
 PSYoungGen      total 6656K, used 6368K [0x00000000eab00000, 0x00000000eb700000, 0x0000000100000000)
  eden space 6144K, 100% used [0x00000000eab00000,0x00000000eb100000,0x00000000eb100000)
  from space 512K, 43% used [0x00000000eb680000,0x00000000eb6b8020,0x00000000eb700000)
  to   space 512K, 0% used [0x00000000eb600000,0x00000000eb600000,0x00000000eb680000)
 ParOldGen       total 287232K, used 286749K [0x00000000c0000000, 0x00000000d1880000, 0x00000000eab00000)
  object space 287232K, 99% used [0x00000000c0000000,0x00000000d18075f8,0x00000000d1880000)
 Metaspace       used 72100K, committed 73664K, reserved 1179648K
  class space    used 7230K, committed 7936K, reserved 1048576K
}
Event: 79.659 GC heap after
{Heap after GC invocations=1300 (full 5):
 PSYoungGen      total 6656K, used 208K [0x00000000eab00000, 0x00000000eb700000, 0x0000000100000000)
  eden space 6144K, 0% used [0x00000000eab00000,0x00000000eab00000,0x00000000eb100000)
  from space 512K, 40% used [0x00000000eb600000,0x00000000eb634010,0x00000000eb680000)
  to   space 512K, 0% used [0x00000000eb680000,0x00000000eb680000,0x00000000eb700000)
 ParOldGen       total 287232K, used 286877K [0x00000000c0000000, 0x00000000d1880000, 0x00000000eab00000)
  object space 287232K, 99% used [0x00000000c0000000,0x00000000d1827618,0x00000000d1880000)
 Metaspace       used 72100K, committed 73664K, reserved 1179648K
  class space    used 7230K, committed 7936K, reserved 1048576K
}
Event: 79.712 GC heap before
{Heap before GC invocations=1301 (full 5):
 PSYoungGen      total 6656K, used 6352K [0x00000000eab00000, 0x00000000eb700000, 0x0000000100000000)
  eden space 6144K, 100% used [0x00000000eab00000,0x00000000eb100000,0x00000000eb100000)
  from space 512K, 40% used [0x00000000eb600000,0x00000000eb634010,0x00000000eb680000)
  to   space 512K, 0% used [0x00000000eb680000,0x00000000eb680000,0x00000000eb700000)
 ParOldGen       total 287232K, used 286877K [0x00000000c0000000, 0x00000000d1880000, 0x00000000eab00000)
  object space 287232K, 99% used [0x00000000c0000000,0x00000000d1827618,0x00000000d1880000)
 Metaspace       used 72770K, committed 74368K, reserved 1179648K
  class space    used 7338K, committed 8064K, reserved 1048576K
}
Event: 79.713 GC heap after
{Heap after GC invocations=1301 (full 5):
 PSYoungGen      total 6656K, used 160K [0x00000000eab00000, 0x00000000eb700000, 0x0000000100000000)
  eden space 6144K, 0% used [0x00000000eab00000,0x00000000eab00000,0x00000000eb100000)
  from space 512K, 31% used [0x00000000eb680000,0x00000000eb6a8000,0x00000000eb700000)
  to   space 512K, 0% used [0x00000000eb600000,0x00000000eb600000,0x00000000eb680000)
 ParOldGen       total 287232K, used 286997K [0x00000000c0000000, 0x00000000d1880000, 0x00000000eab00000)
  object space 287232K, 99% used [0x00000000c0000000,0x00000000d1845648,0x00000000d1880000)
 Metaspace       used 72770K, committed 74368K, reserved 1179648K
  class space    used 7338K, committed 8064K, reserved 1048576K
}

Dll operation events (12 events):
Event: 0.012 Loaded shared library c:\Users\lucas\.cursor\extensions\redhat.java-1.41.1-win32-x64\jre\21.0.6-win32-x86_64\bin\java.dll
Event: 0.253 Loaded shared library c:\Users\lucas\.cursor\extensions\redhat.java-1.41.1-win32-x64\jre\21.0.6-win32-x86_64\bin\zip.dll
Event: 0.339 Loaded shared library C:\Users\lucas\.cursor\extensions\redhat.java-1.41.1-win32-x64\jre\21.0.6-win32-x86_64\bin\instrument.dll
Event: 0.345 Loaded shared library C:\Users\lucas\.cursor\extensions\redhat.java-1.41.1-win32-x64\jre\21.0.6-win32-x86_64\bin\net.dll
Event: 0.349 Loaded shared library C:\Users\lucas\.cursor\extensions\redhat.java-1.41.1-win32-x64\jre\21.0.6-win32-x86_64\bin\nio.dll
Event: 0.354 Loaded shared library C:\Users\lucas\.cursor\extensions\redhat.java-1.41.1-win32-x64\jre\21.0.6-win32-x86_64\bin\zip.dll
Event: 0.429 Loaded shared library C:\Users\lucas\.cursor\extensions\redhat.java-1.41.1-win32-x64\jre\21.0.6-win32-x86_64\bin\jimage.dll
Event: 0.624 Loaded shared library c:\Users\lucas\.cursor\extensions\redhat.java-1.41.1-win32-x64\jre\21.0.6-win32-x86_64\bin\verify.dll
Event: 5.286 Loaded shared library C:\Users\lucas\AppData\Roaming\Cursor\User\globalStorage\redhat.java\1.41.1\config_win\org.eclipse.equinox.launcher\org.eclipse.equinox.launcher.win32.win32.x86_64_1.2.1300.v20250331-1702\eclipse_11911.dll
Event: 9.352 Loaded shared library C:\Users\lucas\AppData\Local\Temp\jna-103324076\jna6734371897703403195.dll
Event: 75.093 Loaded shared library C:\Users\lucas\.cursor\extensions\redhat.java-1.41.1-win32-x64\jre\21.0.6-win32-x86_64\bin\sunmscapi.dll
Event: 79.545 Loaded shared library C:\Users\lucas\.cursor\extensions\redhat.java-1.41.1-win32-x64\jre\21.0.6-win32-x86_64\bin\extnet.dll

Deoptimization events (20 events):
Event: 79.747 Thread 0x000001fb9a2ddcc0 Uncommon trap: trap_request=0xffffff45 fr.pc=0x000001fb3ff89d40 relative=0x0000000000000100
Event: 79.747 Thread 0x000001fb9a2ddcc0 Uncommon trap: reason=unstable_if action=reinterpret pc=0x000001fb3ff89d40 method=java.lang.StrictMath.floorOrCeil(DDDD)D @ 115 c2
Event: 79.747 Thread 0x000001fb9a2ddcc0 DEOPT PACKING pc=0x000001fb3ff89d40 sp=0x00000098182fe510
Event: 79.747 Thread 0x000001fb9a2ddcc0 DEOPT UNPACKING pc=0x000001fb3f953a9c sp=0x00000098182fe478 mode 2
Event: 79.749 Thread 0x000001fb9a2ddcc0 Uncommon trap: trap_request=0xffffff3d fr.pc=0x000001fb4071ccc0 relative=0x00000000000012c0
Event: 79.749 Thread 0x000001fb9a2ddcc0 Uncommon trap: reason=unstable_fused_if action=reinterpret pc=0x000001fb4071ccc0 method=sun.nio.fs.WindowsPathParser.isLetter(C)Z @ 15 c2
Event: 79.749 Thread 0x000001fb9a2ddcc0 DEOPT PACKING pc=0x000001fb4071ccc0 sp=0x00000098182fe300
Event: 79.749 Thread 0x000001fb9a2ddcc0 DEOPT UNPACKING pc=0x000001fb3f953a9c sp=0x00000098182fe248 mode 2
Event: 79.749 Thread 0x000001fb9a2ddcc0 Uncommon trap: trap_request=0xffffff45 fr.pc=0x000001fb4074180c relative=0x000000000000078c
Event: 79.749 Thread 0x000001fb9a2ddcc0 Uncommon trap: reason=unstable_if action=reinterpret pc=0x000001fb4074180c method=sun.nio.fs.WindowsPath.getParent()Lsun/nio/fs/WindowsPath; @ 37 c2
Event: 79.749 Thread 0x000001fb9a2ddcc0 DEOPT PACKING pc=0x000001fb4074180c sp=0x00000098182fe3b0
Event: 79.749 Thread 0x000001fb9a2ddcc0 DEOPT UNPACKING pc=0x000001fb3f953a9c sp=0x00000098182fe340 mode 2
Event: 79.751 Thread 0x000001fb9a2ddcc0 DEOPT PACKING pc=0x000001fb386a81fe sp=0x00000098182fe1b0
Event: 79.751 Thread 0x000001fb9a2ddcc0 DEOPT UNPACKING pc=0x000001fb3f954223 sp=0x00000098182fd620 mode 0
Event: 80.641 Thread 0x000001fb9a2db560 DEOPT PACKING pc=0x000001fb3a05a21c sp=0x00000098180ff110
Event: 80.641 Thread 0x000001fb9a2db560 DEOPT UNPACKING pc=0x000001fb3f954223 sp=0x00000098180fe5d0 mode 0
Event: 81.138 Thread 0x000001fb9a2dd630 Uncommon trap: trap_request=0xffffffde fr.pc=0x000001fb4074e5c8 relative=0x0000000000000368
Event: 81.138 Thread 0x000001fb9a2dd630 Uncommon trap: reason=class_check action=maybe_recompile pc=0x000001fb4074e5c8 method=java.nio.ByteBuffer.getArray(I[BII)Ljava/nio/ByteBuffer; @ 49 c2
Event: 81.138 Thread 0x000001fb9a2dd630 DEOPT PACKING pc=0x000001fb4074e5c8 sp=0x0000009817ffea10
Event: 81.138 Thread 0x000001fb9a2dd630 DEOPT UNPACKING pc=0x000001fb3f953a9c sp=0x0000009817ffe938 mode 2

Classes loaded (20 events):
Event: 79.738 Loading class java/time/Instant$1
Event: 79.738 Loading class java/time/Instant$1 done
Event: 79.743 Loading class java/nio/StringCharBuffer
Event: 79.744 Loading class java/nio/StringCharBuffer done
Event: 79.748 Loading class java/nio/file/TempFileHelper
Event: 79.748 Loading class java/nio/file/TempFileHelper done
Event: 79.754 Loading class java/util/stream/SliceOps
Event: 79.754 Loading class java/util/stream/SliceOps done
Event: 79.754 Loading class java/util/stream/SliceOps$1
Event: 79.754 Loading class java/util/stream/SliceOps$1 done
Event: 79.761 Loading class java/util/stream/SliceOps$1$1
Event: 79.761 Loading class java/util/stream/SliceOps$1$1 done
Event: 79.771 Loading class java/util/concurrent/CompletableFuture$UniWhenComplete
Event: 79.771 Loading class java/util/concurrent/CompletableFuture$UniWhenComplete done
Event: 79.772 Loading class java/util/concurrent/CompletableFuture$UniCompose
Event: 79.772 Loading class java/util/concurrent/CompletableFuture$UniCompose done
Event: 79.772 Loading class java/util/concurrent/CompletableFuture$UniRelay
Event: 79.772 Loading class java/util/concurrent/CompletableFuture$UniRelay done
Event: 80.641 Loading class java/util/concurrent/ScheduledThreadPoolExecutor$DelayedWorkQueue$Itr
Event: 80.643 Loading class java/util/concurrent/ScheduledThreadPoolExecutor$DelayedWorkQueue$Itr done

Classes unloaded (10 events):
Event: 10.608 Thread 0x000001fb494df130 Unloading class 0x000001fb4b19c400 'java/lang/invoke/LambdaForm$MH+0x000001fb4b19c400'
Event: 10.608 Thread 0x000001fb494df130 Unloading class 0x000001fb4b19c000 'java/lang/invoke/LambdaForm$MH+0x000001fb4b19c000'
Event: 10.608 Thread 0x000001fb494df130 Unloading class 0x000001fb4b19bc00 'java/lang/invoke/LambdaForm$MH+0x000001fb4b19bc00'
Event: 10.608 Thread 0x000001fb494df130 Unloading class 0x000001fb4b19b800 'java/lang/invoke/LambdaForm$MH+0x000001fb4b19b800'
Event: 10.608 Thread 0x000001fb494df130 Unloading class 0x000001fb4b19b400 'java/lang/invoke/LambdaForm$BMH+0x000001fb4b19b400'
Event: 10.608 Thread 0x000001fb494df130 Unloading class 0x000001fb4b19b000 'java/lang/invoke/LambdaForm$DMH+0x000001fb4b19b000'
Event: 10.608 Thread 0x000001fb494df130 Unloading class 0x000001fb4b199c00 'java/lang/invoke/LambdaForm$DMH+0x000001fb4b199c00'
Event: 64.959 Thread 0x000001fb494df130 Unloading class 0x000001fb4b6b1400 'java/lang/invoke/LambdaForm$DMH+0x000001fb4b6b1400'
Event: 64.959 Thread 0x000001fb494df130 Unloading class 0x000001fb4b6b1000 'java/lang/invoke/LambdaForm$DMH+0x000001fb4b6b1000'
Event: 64.959 Thread 0x000001fb494df130 Unloading class 0x000001fb4b6b0800 'java/lang/invoke/LambdaForm$DMH+0x000001fb4b6b0800'

Classes redefined (0 events):
No events

Internal exceptions (20 events):
Event: 75.066 Thread 0x000001fb907d8b60 Exception <a 'sun/nio/fs/WindowsException'{0x00000000eab21aa0}> (0x00000000eab21aa0) 
thrown [s\src\hotspot\share\prims\jni.cpp, line 520]
Event: 75.066 Thread 0x000001fb907d8b60 Exception <a 'sun/nio/fs/WindowsException'{0x00000000eab22800}> (0x00000000eab22800) 
thrown [s\src\hotspot\share\prims\jni.cpp, line 520]
Event: 75.072 Thread 0x000001fb907d8b60 Exception <a 'sun/nio/fs/WindowsException'{0x00000000eabcf990}> (0x00000000eabcf990) 
thrown [s\src\hotspot\share\prims\jni.cpp, line 520]
Event: 75.072 Thread 0x000001fb907d8b60 Exception <a 'sun/nio/fs/WindowsException'{0x00000000eabd06f0}> (0x00000000eabd06f0) 
thrown [s\src\hotspot\share\prims\jni.cpp, line 520]
Event: 75.076 Thread 0x000001fb907d91f0 Exception <a 'java/lang/ArrayIndexOutOfBoundsException'{0x00000000eac0cd90}> (0x00000000eac0cd90) 
thrown [s\src\hotspot\share\runtime\sharedRuntime.cpp, line 625]
Event: 75.131 Thread 0x000001fb9a2dc280 Exception <a 'sun/nio/fs/WindowsException'{0x00000000eaca9710}> (0x00000000eaca9710) 
thrown [s\src\hotspot\share\prims\jni.cpp, line 520]
Event: 79.220 Thread 0x000001fb907d8b60 Exception <a 'sun/nio/fs/WindowsException'{0x00000000ead97ae8}> (0x00000000ead97ae8) 
thrown [s\src\hotspot\share\prims\jni.cpp, line 520]
Event: 79.220 Thread 0x000001fb907d8b60 Exception <a 'sun/nio/fs/WindowsException'{0x00000000ead985e8}> (0x00000000ead985e8) 
thrown [s\src\hotspot\share\prims\jni.cpp, line 520]
Event: 79.220 Thread 0x000001fb907d8b60 Exception <a 'sun/nio/fs/WindowsException'{0x00000000ead99ad8}> (0x00000000ead99ad8) 
thrown [s\src\hotspot\share\prims\jni.cpp, line 520]
Event: 79.220 Thread 0x000001fb907d8b60 Exception <a 'sun/nio/fs/WindowsException'{0x00000000ead9a5d8}> (0x00000000ead9a5d8) 
thrown [s\src\hotspot\share\prims\jni.cpp, line 520]
Event: 79.221 Thread 0x000001fb907d8b60 Exception <a 'sun/nio/fs/WindowsException'{0x00000000ead9c4f0}> (0x00000000ead9c4f0) 
thrown [s\src\hotspot\share\prims\jni.cpp, line 520]
Event: 79.221 Thread 0x000001fb907d8b60 Exception <a 'sun/nio/fs/WindowsException'{0x00000000ead9cd40}> (0x00000000ead9cd40) 
thrown [s\src\hotspot\share\prims\jni.cpp, line 520]
Event: 79.225 Thread 0x000001fb907d8b60 Exception <a 'sun/nio/fs/WindowsException'{0x00000000eadbd8b8}> (0x00000000eadbd8b8) 
thrown [s\src\hotspot\share\prims\jni.cpp, line 520]
Event: 79.225 Thread 0x000001fb907d8b60 Exception <a 'sun/nio/fs/WindowsException'{0x00000000eadbe3b8}> (0x00000000eadbe3b8) 
thrown [s\src\hotspot\share\prims\jni.cpp, line 520]
Event: 79.572 Thread 0x000001fb9a2dd630 Exception <a 'java/io/FileNotFoundException'{0x00000000eab745a8}> (0x00000000eab745a8) 
thrown [s\src\hotspot\share\prims\jni.cpp, line 520]
Event: 79.684 Thread 0x000001fb9a2dd630 Exception <a 'java/lang/NoSuchMethodError'{0x00000000eadd8ad0}: 'java.lang.Object java.lang.invoke.DirectMethodHandle$Holder.invokeVirtual(java.lang.Object, java.lang.Object, java.lang.Object, java.lang.Object)'> (0x00000000eadd8ad0) 
thrown [s\src\hotspot\share\interpreter\linkResolver.cpp, line 773]
Event: 79.729 Thread 0x000001fb9a2ddcc0 Exception <a 'java/lang/NoSuchMethodError'{0x00000000eabd4280}: 'java.lang.Object java.lang.invoke.DirectMethodHandle$Holder.invokeStatic(java.lang.Object, long, java.lang.Object, java.lang.Object)'> (0x00000000eabd4280) 
thrown [s\src\hotspot\share\interpreter\linkResolver.cpp, line 773]
Event: 79.751 Thread 0x000001fb9a2ddcc0 Exception <a 'sun/nio/fs/WindowsException'{0x00000000eac812d8}> (0x00000000eac812d8) 
thrown [s\src\hotspot\share\prims\jni.cpp, line 520]
Event: 79.751 Thread 0x000001fb9a2ddcc0 Exception <a 'sun/nio/fs/WindowsException'{0x00000000eac82360}> (0x00000000eac82360) 
thrown [s\src\hotspot\share\prims\jni.cpp, line 520]
Event: 79.770 Thread 0x000001fb9a2ddcc0 Exception <a 'java/lang/NoSuchMethodError'{0x00000000eacfe548}: 'void java.lang.invoke.DirectMethodHandle$Holder.invokeStatic(java.lang.Object, java.lang.Object, java.lang.Object, java.lang.Object, java.lang.Object, java.lang.Object, java.lang.Object)'> (0x00000000eacfe548) 
thrown [s\src\hotspot\share\interpreter\linkResolver.cpp, line 773]

ZGC Phase Switch (0 events):
No events

VM Operations (20 events):
Event: 79.635 Executing VM operation: HandshakeAllThreads (Deoptimize)
Event: 79.635 Executing VM operation: HandshakeAllThreads (Deoptimize) done
Event: 79.658 Executing VM operation: ParallelGCFailedAllocation (Allocation Failure)
Event: 79.659 Executing VM operation: ParallelGCFailedAllocation (Allocation Failure) done
Event: 79.672 Executing VM operation: HandshakeAllThreads (Deoptimize)
Event: 79.672 Executing VM operation: HandshakeAllThreads (Deoptimize) done
Event: 79.675 Executing VM operation: HandshakeAllThreads (Deoptimize)
Event: 79.675 Executing VM operation: HandshakeAllThreads (Deoptimize) done
Event: 79.712 Executing VM operation: ParallelGCFailedAllocation (Allocation Failure)
Event: 79.713 Executing VM operation: ParallelGCFailedAllocation (Allocation Failure) done
Event: 79.722 Executing VM operation: HandshakeAllThreads (Deoptimize)
Event: 79.722 Executing VM operation: HandshakeAllThreads (Deoptimize) done
Event: 79.756 Executing VM operation: HandshakeAllThreads (Deoptimize)
Event: 79.756 Executing VM operation: HandshakeAllThreads (Deoptimize) done
Event: 79.760 Executing VM operation: HandshakeAllThreads (Deoptimize)
Event: 79.760 Executing VM operation: HandshakeAllThreads (Deoptimize) done
Event: 79.766 Executing VM operation: HandshakeAllThreads (Deoptimize)
Event: 79.766 Executing VM operation: HandshakeAllThreads (Deoptimize) done
Event: 80.778 Executing VM operation: Cleanup
Event: 80.778 Executing VM operation: Cleanup done

Memory protections (0 events):
No events

Nmethod flushes (20 events):
Event: 75.272 Thread 0x000001fb494df130 flushing  nmethod 0x000001fb3a3ded90
Event: 75.272 Thread 0x000001fb494df130 flushing  nmethod 0x000001fb3a3df610
Event: 75.272 Thread 0x000001fb494df130 flushing osr nmethod 0x000001fb3a3e0210
Event: 75.272 Thread 0x000001fb494df130 flushing  nmethod 0x000001fb3a3e6110
Event: 75.272 Thread 0x000001fb494df130 flushing  nmethod 0x000001fb3a3f0c90
Event: 75.272 Thread 0x000001fb494df130 flushing  nmethod 0x000001fb3a3f4190
Event: 75.272 Thread 0x000001fb494df130 flushing  nmethod 0x000001fb3a3f5610
Event: 75.272 Thread 0x000001fb494df130 flushing  nmethod 0x000001fb3a3f5e90
Event: 75.272 Thread 0x000001fb494df130 flushing  nmethod 0x000001fb3a3f6510
Event: 75.272 Thread 0x000001fb494df130 flushing  nmethod 0x000001fb3a3fdd10
Event: 75.272 Thread 0x000001fb494df130 flushing  nmethod 0x000001fb3a3fee90
Event: 75.272 Thread 0x000001fb494df130 flushing  nmethod 0x000001fb3a402c90
Event: 75.272 Thread 0x000001fb494df130 flushing  nmethod 0x000001fb3a40d390
Event: 75.272 Thread 0x000001fb494df130 flushing  nmethod 0x000001fb3a40db10
Event: 75.272 Thread 0x000001fb494df130 flushing  nmethod 0x000001fb3a410d90
Event: 75.272 Thread 0x000001fb494df130 flushing  nmethod 0x000001fb3a415490
Event: 75.272 Thread 0x000001fb494df130 flushing  nmethod 0x000001fb3a416190
Event: 75.272 Thread 0x000001fb494df130 flushing  nmethod 0x000001fb3a42e190
Event: 75.272 Thread 0x000001fb494df130 flushing  nmethod 0x000001fb3a431c10
Event: 75.272 Thread 0x000001fb494df130 flushing  nmethod 0x000001fb3a432810

Events (20 events):
Event: 59.802 Thread 0x000001fb9a2daed0 Thread exited: 0x000001fb9a2daed0
Event: 60.583 Thread 0x000001fb9523c010 Thread exited: 0x000001fb9523c010
Event: 60.674 Thread 0x000001fb49504410 Thread added: 0x000001fb9a4a7010
Event: 60.960 Thread 0x000001fb9a4a7010 Thread exited: 0x000001fb9a4a7010
Event: 61.157 Thread 0x000001fb495753d0 Thread added: 0x000001fb90c072e0
Event: 64.189 Thread 0x000001fb90c072e0 Thread exited: 0x000001fb90c072e0
Event: 72.671 Thread 0x000001fb495753d0 Thread added: 0x000001fb91c4b3c0
Event: 74.214 Thread 0x000001fb91c4b3c0 Thread exited: 0x000001fb91c4b3c0
Event: 75.039 Thread 0x000001fb907d8b60 Thread added: 0x000001fb9a2dc280
Event: 75.163 Thread 0x000001fb495753d0 Thread added: 0x000001fb91c4b3c0
Event: 75.942 Thread 0x000001fb9a2dc280 Thread exited: 0x000001fb9a2dc280
Event: 76.031 Thread 0x000001fb91c4b3c0 Thread exited: 0x000001fb91c4b3c0
Event: 79.548 Thread 0x000001fb907d8b60 Thread added: 0x000001fb9a2df700
Event: 79.552 Thread 0x000001fb9a2df700 Thread added: 0x000001fb9a2dd630
Event: 79.637 Thread 0x000001fb9a2dd630 Thread added: 0x000001fb9a2db560
Event: 79.642 Thread 0x000001fb9a2dd630 Thread added: 0x000001fb9a2dc280
Event: 79.722 Thread 0x000001fb9a2dd630 Thread added: 0x000001fb9a2ddcc0
Event: 79.737 Thread 0x000001fb495753d0 Thread added: 0x000001fb92a9a000
Event: 79.767 Thread 0x000001fb9a2ddcc0 Thread added: 0x000001fb9a2de350
Event: 81.139 Thread 0x000001fb9a2dd630 Thread added: 0x000001fb9a2dc910


Dynamic libraries:
0x00007ff6ed8e0000 - 0x00007ff6ed8ee000 	c:\Users\lucas\.cursor\extensions\redhat.java-1.41.1-win32-x64\jre\21.0.6-win32-x86_64\bin\java.exe
0x00007fff6e810000 - 0x00007fff6ea08000 	C:\Windows\SYSTEM32\ntdll.dll
0x00007fff6e6c0000 - 0x00007fff6e782000 	C:\Windows\System32\KERNEL32.DLL
0x00007fff6c240000 - 0x00007fff6c536000 	C:\Windows\System32\KERNELBASE.dll
0x00007fff6c140000 - 0x00007fff6c240000 	C:\Windows\System32\ucrtbase.dll
0x00007fff59390000 - 0x00007fff593a8000 	c:\Users\lucas\.cursor\extensions\redhat.java-1.41.1-win32-x64\jre\21.0.6-win32-x86_64\bin\jli.dll
0x00007fff6e260000 - 0x00007fff6e3fd000 	C:\Windows\System32\USER32.dll
0x00007fff6c800000 - 0x00007fff6c822000 	C:\Windows\System32\win32u.dll
0x00007fff6e790000 - 0x00007fff6e7bb000 	C:\Windows\System32\GDI32.dll
0x00007fff6bea0000 - 0x00007fff6bfba000 	C:\Windows\System32\gdi32full.dll
0x00007fff6c760000 - 0x00007fff6c7fd000 	C:\Windows\System32\msvcp_win.dll
0x00007fff59370000 - 0x00007fff5938e000 	c:\Users\lucas\.cursor\extensions\redhat.java-1.41.1-win32-x64\jre\21.0.6-win32-x86_64\bin\VCRUNTIME140.dll
0x00007fff57c80000 - 0x00007fff57f1a000 	C:\Windows\WinSxS\amd64_microsoft.windows.common-controls_6595b64144ccf1df_6.0.19041.4355_none_60b8b9eb71f62e16\COMCTL32.dll
0x00007fff6e460000 - 0x00007fff6e4fe000 	C:\Windows\System32\msvcrt.dll
0x00007fff6df00000 - 0x00007fff6df2f000 	C:\Windows\System32\IMM32.DLL
0x00007fff68ca0000 - 0x00007fff68cac000 	c:\Users\lucas\.cursor\extensions\redhat.java-1.41.1-win32-x64\jre\21.0.6-win32-x86_64\bin\vcruntime140_1.dll
0x00007fff5b6c0000 - 0x00007fff5b74d000 	c:\Users\lucas\.cursor\extensions\redhat.java-1.41.1-win32-x64\jre\21.0.6-win32-x86_64\bin\msvcp140.dll
0x00007ffee14f0000 - 0x00007ffee2280000 	c:\Users\lucas\.cursor\extensions\redhat.java-1.41.1-win32-x64\jre\21.0.6-win32-x86_64\bin\server\jvm.dll
0x00007fff6d230000 - 0x00007fff6d2df000 	C:\Windows\System32\ADVAPI32.dll
0x00007fff6dc90000 - 0x00007fff6dd2f000 	C:\Windows\System32\sechost.dll
0x00007fff6d3f0000 - 0x00007fff6d513000 	C:\Windows\System32\RPCRT4.dll
0x00007fff6c5d0000 - 0x00007fff6c5f7000 	C:\Windows\System32\bcrypt.dll
0x00007fff6e120000 - 0x00007fff6e18b000 	C:\Windows\System32\WS2_32.dll
0x00007fff6b5f0000 - 0x00007fff6b63b000 	C:\Windows\SYSTEM32\POWRPROF.dll
0x00007fff554f0000 - 0x00007fff55517000 	C:\Windows\SYSTEM32\WINMM.dll
0x00007fff66b10000 - 0x00007fff66b1a000 	C:\Windows\SYSTEM32\VERSION.dll
0x00007fff6b5d0000 - 0x00007fff6b5e2000 	C:\Windows\SYSTEM32\UMPDC.dll
0x00007fff69c20000 - 0x00007fff69c32000 	C:\Windows\SYSTEM32\kernel.appcore.dll
0x00007fff68c90000 - 0x00007fff68c9a000 	c:\Users\lucas\.cursor\extensions\redhat.java-1.41.1-win32-x64\jre\21.0.6-win32-x86_64\bin\jimage.dll
0x00007fff536e0000 - 0x00007fff538c4000 	C:\Windows\SYSTEM32\DBGHELP.DLL
0x00007fff47500000 - 0x00007fff47534000 	C:\Windows\SYSTEM32\dbgcore.DLL
0x00007fff6c540000 - 0x00007fff6c5c2000 	C:\Windows\System32\bcryptPrimitives.dll
0x00007fff642b0000 - 0x00007fff642bf000 	c:\Users\lucas\.cursor\extensions\redhat.java-1.41.1-win32-x64\jre\21.0.6-win32-x86_64\bin\instrument.dll
0x00007fff5d570000 - 0x00007fff5d58f000 	c:\Users\lucas\.cursor\extensions\redhat.java-1.41.1-win32-x64\jre\21.0.6-win32-x86_64\bin\java.dll
0x00007fff6d520000 - 0x00007fff6dc8f000 	C:\Windows\System32\SHELL32.dll
0x00007fff69f00000 - 0x00007fff6a6a3000 	C:\Windows\SYSTEM32\windows.storage.dll
0x00007fff6c9e0000 - 0x00007fff6cd35000 	C:\Windows\System32\combase.dll
0x00007fff6b7f0000 - 0x00007fff6b81b000 	C:\Windows\SYSTEM32\Wldp.dll
0x00007fff6e190000 - 0x00007fff6e25d000 	C:\Windows\System32\OLEAUT32.dll
0x00007fff6e070000 - 0x00007fff6e11d000 	C:\Windows\System32\SHCORE.dll
0x00007fff6cd40000 - 0x00007fff6cd95000 	C:\Windows\System32\shlwapi.dll
0x00007fff6bdd0000 - 0x00007fff6bdf5000 	C:\Windows\SYSTEM32\profapi.dll
0x00007fff69260000 - 0x00007fff69278000 	c:\Users\lucas\.cursor\extensions\redhat.java-1.41.1-win32-x64\jre\21.0.6-win32-x86_64\bin\zip.dll
0x00007fff69250000 - 0x00007fff69260000 	C:\Users\lucas\.cursor\extensions\redhat.java-1.41.1-win32-x64\jre\21.0.6-win32-x86_64\bin\net.dll
0x00007fff64640000 - 0x00007fff6474a000 	C:\Windows\SYSTEM32\WINHTTP.dll
0x00007fff6b560000 - 0x00007fff6b5cc000 	C:\Windows\system32\mswsock.dll
0x00007fff68c70000 - 0x00007fff68c86000 	C:\Users\lucas\.cursor\extensions\redhat.java-1.41.1-win32-x64\jre\21.0.6-win32-x86_64\bin\nio.dll
0x00007fff69240000 - 0x00007fff69250000 	c:\Users\lucas\.cursor\extensions\redhat.java-1.41.1-win32-x64\jre\21.0.6-win32-x86_64\bin\verify.dll
0x00007fff3c460000 - 0x00007fff3c4a5000 	C:\Users\lucas\AppData\Roaming\Cursor\User\globalStorage\redhat.java\1.41.1\config_win\org.eclipse.equinox.launcher\org.eclipse.equinox.launcher.win32.win32.x86_64_1.2.1300.v20250331-1702\eclipse_11911.dll
0x00007fff6e500000 - 0x00007fff6e62b000 	C:\Windows\System32\ole32.dll
0x00007fff6b830000 - 0x00007fff6b848000 	C:\Windows\SYSTEM32\CRYPTSP.dll
0x00007fff6ae40000 - 0x00007fff6ae78000 	C:\Windows\system32\rsaenh.dll
0x00007fff6bd90000 - 0x00007fff6bdbe000 	C:\Windows\SYSTEM32\USERENV.dll
0x00007fff6b760000 - 0x00007fff6b76c000 	C:\Windows\SYSTEM32\CRYPTBASE.dll
0x00007fff6b260000 - 0x00007fff6b29b000 	C:\Windows\SYSTEM32\IPHLPAPI.DLL
0x00007fff6d220000 - 0x00007fff6d228000 	C:\Windows\System32\NSI.dll
0x00007fff39020000 - 0x00007fff39069000 	C:\Users\lucas\AppData\Local\Temp\jna-103324076\jna6734371897703403195.dll
0x00007fff6e7c0000 - 0x00007fff6e7c8000 	C:\Windows\System32\PSAPI.DLL
0x00007fff66690000 - 0x00007fff666a7000 	C:\Windows\SYSTEM32\dhcpcsvc6.DLL
0x00007fff66670000 - 0x00007fff6668d000 	C:\Windows\SYSTEM32\dhcpcsvc.DLL
0x00007fff6b090000 - 0x00007fff6b0c3000 	C:\Windows\SYSTEM32\ntmarta.dll
0x00007fff642c0000 - 0x00007fff642ce000 	C:\Users\lucas\.cursor\extensions\redhat.java-1.41.1-win32-x64\jre\21.0.6-win32-x86_64\bin\sunmscapi.dll
0x00007fff6c600000 - 0x00007fff6c75d000 	C:\Windows\System32\CRYPT32.dll
0x00007fff6b940000 - 0x00007fff6b967000 	C:\Windows\SYSTEM32\ncrypt.dll
0x00007fff6b900000 - 0x00007fff6b93b000 	C:\Windows\SYSTEM32\NTASN1.dll
0x00007fff5d5a0000 - 0x00007fff5d5a9000 	C:\Users\lucas\.cursor\extensions\redhat.java-1.41.1-win32-x64\jre\21.0.6-win32-x86_64\bin\extnet.dll

dbghelp: loaded successfully - version: 4.0.5 - missing functions: none
symbol engine: initialized successfully - sym options: 0x614 - pdb path: .;c:\Users\lucas\.cursor\extensions\redhat.java-1.41.1-win32-x64\jre\21.0.6-win32-x86_64\bin;C:\Windows\SYSTEM32;C:\Windows\WinSxS\amd64_microsoft.windows.common-controls_6595b64144ccf1df_6.0.19041.4355_none_60b8b9eb71f62e16;c:\Users\lucas\.cursor\extensions\redhat.java-1.41.1-win32-x64\jre\21.0.6-win32-x86_64\bin\server;C:\Users\lucas\AppData\Roaming\Cursor\User\globalStorage\redhat.java\1.41.1\config_win\org.eclipse.equinox.launcher\org.eclipse.equinox.launcher.win32.win32.x86_64_1.2.1300.v20250331-1702;C:\Users\lucas\AppData\Local\Temp\jna-103324076

VM Arguments:
jvm_args: --add-modules=ALL-SYSTEM --add-opens=java.base/java.util=ALL-UNNAMED --add-opens=java.base/java.lang=ALL-UNNAMED --add-opens=java.base/sun.nio.fs=ALL-UNNAMED -Declipse.application=org.eclipse.jdt.ls.core.id1 -Dosgi.bundles.defaultStartLevel=4 -Declipse.product=org.eclipse.jdt.ls.core.product -Djava.import.generatesMetadataFilesAtProjectRoot=false -DDetectVMInstallationsJob.disabled=true -Dfile.encoding=utf8 -XX:+UseParallelGC -XX:GCTimeRatio=4 -XX:AdaptiveSizePolicyWeight=90 -Dsun.zip.disableMemoryMapping=true -Xmx1G -Xms100m -Xlog:disable -javaagent:c:\Users\lucas\.cursor\extensions\redhat.java-1.41.1-win32-x64\lombok\lombok-1.18.36.jar -XX:+HeapDumpOnOutOfMemoryError -XX:HeapDumpPath=c:\Users\lucas\AppData\Roaming\Cursor\User\workspaceStorage\0e1347ae4d7b241b03502fd2c2bda675\redhat.java -Daether.dependencyCollector.impl=bf 
java_command: c:\Users\lucas\.cursor\extensions\redhat.java-1.41.1-win32-x64\server\plugins\org.eclipse.equinox.launcher_1.7.0.v20250331-1702.jar -configuration c:\Users\lucas\AppData\Roaming\Cursor\User\globalStorage\redhat.java\1.41.1\config_win -data c:\Users\lucas\AppData\Roaming\Cursor\User\workspaceStorage\0e1347ae4d7b241b03502fd2c2bda675\redhat.java\jdt_ws --pipe=\\.\pipe\lsp-718ef36f1e910b73d3f4475c8d0910c8-sock
java_class_path (initial): c:\Users\lucas\.cursor\extensions\redhat.java-1.41.1-win32-x64\server\plugins\org.eclipse.equinox.launcher_1.7.0.v20250331-1702.jar
Launcher Type: SUN_STANDARD

[Global flags]
    uintx AdaptiveSizePolicyWeight                 = 90                                        {product} {command line}
     intx CICompilerCount                          = 3                                         {product} {ergonomic}
    uintx GCTimeRatio                              = 4                                         {product} {command line}
     bool HeapDumpOnOutOfMemoryError               = true                                   {manageable} {command line}
    ccstr HeapDumpPath                             = c:\Users\lucas\AppData\Roaming\Cursor\User\workspaceStorage\0e1347ae4d7b241b03502fd2c2bda675\redhat.java         {manageable} {command line}
   size_t InitialHeapSize                          = 104857600                                 {product} {command line}
   size_t MaxHeapSize                              = 1073741824                                {product} {command line}
   size_t MaxNewSize                               = 357564416                                 {product} {ergonomic}
   size_t MinHeapDeltaBytes                        = 524288                                    {product} {ergonomic}
   size_t MinHeapSize                              = 104857600                                 {product} {command line}
   size_t NewSize                                  = 34603008                                  {product} {ergonomic}
    uintx NonNMethodCodeHeapSize                   = 5832780                                {pd product} {ergonomic}
    uintx NonProfiledCodeHeapSize                  = 122912730                              {pd product} {ergonomic}
   size_t OldSize                                  = 70254592                                  {product} {ergonomic}
    uintx ProfiledCodeHeapSize                     = 122912730                              {pd product} {ergonomic}
    uintx ReservedCodeCacheSize                    = 251658240                              {pd product} {ergonomic}
     bool SegmentedCodeCache                       = true                                      {product} {ergonomic}
   size_t SoftMaxHeapSize                          = 1073741824                             {manageable} {ergonomic}
     bool UseCompressedOops                        = true                           {product lp64_product} {ergonomic}
     bool UseLargePagesIndividualAllocation        = false                                  {pd product} {ergonomic}
     bool UseParallelGC                            = true                                      {product} {command line}

Logging:
Log output configuration:
 #0: stdout all=off uptime,level,tags foldmultilines=false
 #1: stderr all=off uptime,level,tags foldmultilines=false

Environment Variables:
PATH=C:\Python311\Scripts\;C:\Python311\;C:\Program Files\Common Files\Oracle\Java\javapath;C:\Program Files (x86)\Common Files\Oracle\Java\javapath;C:\ProgramData\Oracle\Java\javapath;C:\Windows\system32;C:\Windows;C:\Windows\System32\Wbem;C:\Windows\System32\WindowsPowerShell\v1.0\;C:\Windows\System32\OpenSSH\;C:\Program Files\NVIDIA Corporation\NVIDIA NvDLISR;C:\Program Files (x86)\NVIDIA Corporation\PhysX\Common;C:\Program Files\dotnet\;C:\ProgramData\UNIVALI\Portugol Studio;C:\ProgramData\chocolatey\bin;C:\Program Files\Git\cmd;C:\Windows\System32\OpenSSH\;C:\;C:\Program Files\MySQL\MySQL Shell 8.0\bin\;C:\Users\lucas\AppData\Local\Microsoft\WindowsApps;E:\Microsoft VS Code\bin;C:\apache-maven-3.9.5\bin;C:\Program Files\heroku\bin;D:\cursor\resources\app\bin;C:\Users\lucas\AppData\Roaming\npm
USERNAME=lucas
OS=Windows_NT
PROCESSOR_IDENTIFIER=Intel64 Family 6 Model 158 Stepping 9, GenuineIntel
TMP=C:\Users\lucas\AppData\Local\Temp
TEMP=C:\Users\lucas\AppData\Local\Temp




Periodic native trim disabled

---------------  S Y S T E M  ---------------

OS:
 Windows 10 , 64 bit Build 19041 (10.0.19041.5678)
OS uptime: 1 days 8:12 hours
Hyper-V role detected

CPU: total 4 (initial active 4) (2 cores per cpu, 2 threads per core) family 6 model 158 stepping 9 microcode 0xb4, cx8, cmov, fxsr, ht, mmx, 3dnowpref, sse, sse2, sse3, ssse3, sse4.1, sse4.2, popcnt, lzcnt, tsc, tscinvbit, aes, erms, clmul, clflush, clflushopt, hv, rdtscp
Processor Information for the first 4 processors :
  Max Mhz: 3500, Current Mhz: 3500, Mhz Limit: 3500

Memory: 4k page, system-wide physical 12247M (1339M free)
TotalPageFile size 15058M (AvailPageFile size 7M)
current process WorkingSet (physical memory assigned to process): 623M, peak: 854M
current process commit charge ("private bytes"): 586M, peak: 985M

vm_info: OpenJDK 64-Bit Server VM (21.0.6+7-LTS) for windows-amd64 JRE (21.0.6+7-LTS), built on 2025-01-21T00:00:00Z by "admin" with MS VC++ 17.7 (VS2022)

END.
