#
# There is insufficient memory for the Java Runtime Environment to continue.
# Native memory allocation (malloc) failed to allocate 32744 bytes. Error detail: Chunk::new
# Possible reasons:
#   The system is out of physical RAM or swap space
#   This process is running with CompressedOops enabled, and the Java Heap may be blocking the growth of the native heap
# Possible solutions:
#   Reduce memory load on the system
#   Increase physical memory or swap space
#   Check if swap backing store is full
#   Decrease Java heap size (-Xmx/-Xms)
#   Decrease number of Java threads
#   Decrease Java thread stack sizes (-Xss)
#   Set larger code cache with -XX:ReservedCodeCacheSize=
#   JVM is running with Unscaled Compressed Oops mode in which the Java heap is
#     placed in the first 4GB address space. The Java Heap base address is the
#     maximum limit for the native heap growth. Please use -XX:HeapBaseMinAddress
#     to set the Java Heap base and to place the Java Heap above 4GB virtual address.
# This output file may be truncated or incomplete.
#
#  Out of Memory Error (arena.cpp:168), pid=11884, tid=11508
#
# JRE version: OpenJDK Runtime Environment Temurin-21.0.6+7 (21.0.6+7) (build 21.0.6+7-LTS)
# Java VM: OpenJDK 64-Bit Server VM Temurin-21.0.6+7 (21.0.6+7-LTS, mixed mode, sharing, tiered, compressed oops, compressed class ptrs, parallel gc, windows-amd64)
# No core dump will be written. Minidumps are not enabled by default on client versions of Windows
#

---------------  S U M M A R Y ------------

Command Line: --add-modules=ALL-SYSTEM --add-opens=java.base/java.util=ALL-UNNAMED --add-opens=java.base/java.lang=ALL-UNNAMED --add-opens=java.base/sun.nio.fs=ALL-UNNAMED -Declipse.application=org.eclipse.jdt.ls.core.id1 -Dosgi.bundles.defaultStartLevel=4 -Declipse.product=org.eclipse.jdt.ls.core.product -Djava.import.generatesMetadataFilesAtProjectRoot=false -DDetectVMInstallationsJob.disabled=true -Dfile.encoding=utf8 -XX:+UseParallelGC -XX:GCTimeRatio=4 -XX:AdaptiveSizePolicyWeight=90 -Dsun.zip.disableMemoryMapping=true -Xmx1G -Xms100m -Xlog:disable -javaagent:c:\Users\lucas\.cursor\extensions\redhat.java-1.41.1-win32-x64\lombok\lombok-1.18.36.jar c:\Users\lucas\.cursor\extensions\redhat.java-1.41.1-win32-x64\server\plugins\org.eclipse.equinox.launcher_1.7.0.v20250331-1702.jar -configuration c:\Users\lucas\AppData\Roaming\Cursor\User\globalStorage\redhat.java\1.41.1\config_ss_win -data c:\Users\lucas\AppData\Roaming\Cursor\User\workspaceStorage\0e1347ae4d7b241b03502fd2c2bda675\redhat.java\ss_ws --pipe=\\.\pipe\lsp-4cd46e4e64558be30a36f2cbd7ed2061-sock

Host: Intel(R) Pentium(R) CPU G4560 @ 3.50GHz, 4 cores, 11G,  Windows 10 , 64 bit Build 19041 (10.0.19041.5678)
Time: Mon Apr 21 20:14:38 2025 Hora oficial do Brasil elapsed time: 72.221887 seconds (0d 0h 1m 12s)

---------------  T H R E A D  ---------------

Current thread (0x0000027fec8deb10):  JavaThread "C1 CompilerThread0" daemon [_thread_in_native, id=11508, stack(0x000000b306800000,0x000000b306900000) (1024K)]


Current CompileTask:
C1:72221 6126   !   3       org.eclipse.jdt.internal.compiler.parser.Parser::parse (922 bytes)

Stack: [0x000000b306800000,0x000000b306900000]
Native frames: (J=compiled Java code, j=interpreted, Vv=VM code, C=native code)
V  [jvm.dll+0x6cdee9]
V  [jvm.dll+0x8a83d1]
V  [jvm.dll+0x8aa8fe]
V  [jvm.dll+0x8aafe3]
V  [jvm.dll+0x27f706]
V  [jvm.dll+0xc500d]
V  [jvm.dll+0xc5543]
V  [jvm.dll+0xd0f3d]
V  [jvm.dll+0x1598a9]
V  [jvm.dll+0x164773]
V  [jvm.dll+0x158443]
V  [jvm.dll+0x15f26a]
V  [jvm.dll+0x15d895]
V  [jvm.dll+0x1577c7]
V  [jvm.dll+0x167016]
V  [jvm.dll+0x152c20]
V  [jvm.dll+0x152fa3]
V  [jvm.dll+0x153274]
V  [jvm.dll+0x1526a6]
V  [jvm.dll+0x15447d]
V  [jvm.dll+0x25685a]
V  [jvm.dll+0x254dfa]
V  [jvm.dll+0x3f0256]
V  [jvm.dll+0x851f8b]
V  [jvm.dll+0x6cc5ed]
C  [ucrtbase.dll+0x21bb2]
C  [KERNEL32.DLL+0x17374]
C  [ntdll.dll+0x4cc91]


---------------  P R O C E S S  ---------------

Threads class SMR info:
_java_thread_list=0x0000027ff3abd0b0, length=30, elements={
0x0000027fd62457a0, 0x0000027fec8c9a40, 0x0000027fec8cb340, 0x0000027fec8d0a60,
0x0000027fec8d19f0, 0x0000027fec8d4990, 0x0000027fec8d88e0, 0x0000027fec8dba60,
0x0000027fec8deb10, 0x0000027fed694f40, 0x0000027fed6955d0, 0x0000027fed695c60,
0x0000027fed697010, 0x0000027fed696980, 0x0000027fed6976a0, 0x0000027fed6948b0,
0x0000027fed694220, 0x0000027ff29de5c0, 0x0000027ff29df2e0, 0x0000027ff29dbe60,
0x0000027ff29d9700, 0x0000027ff29db7d0, 0x0000027ff29d9d90, 0x0000027ff29dc4f0,
0x0000027ff29dd8a0, 0x0000027ff29da420, 0x0000027ff29dcb80, 0x0000027ff29db140,
0x0000027ff29daab0, 0x0000027ff29dec50
}

Java Threads: ( => current thread )
  0x0000027fd62457a0 JavaThread "main"                              [_thread_blocked, id=2620, stack(0x000000b305d00000,0x000000b305e00000) (1024K)]
  0x0000027fec8c9a40 JavaThread "Reference Handler"          daemon [_thread_blocked, id=14392, stack(0x000000b306100000,0x000000b306200000) (1024K)]
  0x0000027fec8cb340 JavaThread "Finalizer"                  daemon [_thread_blocked, id=16580, stack(0x000000b306200000,0x000000b306300000) (1024K)]
  0x0000027fec8d0a60 JavaThread "Signal Dispatcher"          daemon [_thread_blocked, id=10096, stack(0x000000b306300000,0x000000b306400000) (1024K)]
  0x0000027fec8d19f0 JavaThread "Attach Listener"            daemon [_thread_blocked, id=4172, stack(0x000000b306400000,0x000000b306500000) (1024K)]
  0x0000027fec8d4990 JavaThread "Service Thread"             daemon [_thread_blocked, id=13652, stack(0x000000b306500000,0x000000b306600000) (1024K)]
  0x0000027fec8d88e0 JavaThread "Monitor Deflation Thread"   daemon [_thread_blocked, id=5704, stack(0x000000b306600000,0x000000b306700000) (1024K)]
  0x0000027fec8dba60 JavaThread "C2 CompilerThread0"         daemon [_thread_in_native, id=14748, stack(0x000000b306700000,0x000000b306800000) (1024K)]
=>0x0000027fec8deb10 JavaThread "C1 CompilerThread0"         daemon [_thread_in_native, id=11508, stack(0x000000b306800000,0x000000b306900000) (1024K)]
  0x0000027fed694f40 JavaThread "Common-Cleaner"             daemon [_thread_blocked, id=2060, stack(0x000000b306900000,0x000000b306a00000) (1024K)]
  0x0000027fed6955d0 JavaThread "Notification Thread"        daemon [_thread_blocked, id=11680, stack(0x000000b306a00000,0x000000b306b00000) (1024K)]
  0x0000027fed695c60 JavaThread "Active Thread: Equinox Container: 6fbc428c-9df3-465f-8f6f-87a37833bd50"        [_thread_blocked, id=13956, stack(0x000000b306f00000,0x000000b307000000) (1024K)]
  0x0000027fed697010 JavaThread "Framework Event Dispatcher: Equinox Container: 6fbc428c-9df3-465f-8f6f-87a37833bd50" daemon [_thread_blocked, id=10456, stack(0x000000b306e00000,0x000000b306f00000) (1024K)]
  0x0000027fed696980 JavaThread "Start Level: Equinox Container: 6fbc428c-9df3-465f-8f6f-87a37833bd50" daemon [_thread_blocked, id=11352, stack(0x000000b307000000,0x000000b307100000) (1024K)]
  0x0000027fed6976a0 JavaThread "SCR Component Actor"        daemon [_thread_blocked, id=15960, stack(0x000000b307100000,0x000000b307200000) (1024K)]
  0x0000027fed6948b0 JavaThread "Worker-JM"                         [_thread_blocked, id=15080, stack(0x000000b307300000,0x000000b307400000) (1024K)]
  0x0000027fed694220 JavaThread "JNA Cleaner"                daemon [_thread_blocked, id=7868, stack(0x000000b307400000,0x000000b307500000) (1024K)]
  0x0000027ff29de5c0 JavaThread "Worker-0: Publish Diagnostics"        [_thread_in_vm, id=13208, stack(0x000000b307500000,0x000000b307600000) (1024K)]
  0x0000027ff29df2e0 JavaThread "Worker-1"                          [_thread_blocked, id=8276, stack(0x000000b307600000,0x000000b307700000) (1024K)]
  0x0000027ff29dbe60 JavaThread "Thread-2"                   daemon [_thread_in_native, id=17096, stack(0x000000b307900000,0x000000b307a00000) (1024K)]
  0x0000027ff29d9700 JavaThread "Thread-3"                   daemon [_thread_in_native, id=16080, stack(0x000000b307a00000,0x000000b307b00000) (1024K)]
  0x0000027ff29db7d0 JavaThread "Thread-4"                   daemon [_thread_in_native, id=15680, stack(0x000000b307b00000,0x000000b307c00000) (1024K)]
  0x0000027ff29d9d90 JavaThread "Thread-5"                   daemon [_thread_in_native, id=14284, stack(0x000000b307c00000,0x000000b307d00000) (1024K)]
  0x0000027ff29dc4f0 JavaThread "Thread-6"                   daemon [_thread_in_native, id=7652, stack(0x000000b307d00000,0x000000b307e00000) (1024K)]
  0x0000027ff29dd8a0 JavaThread "pool-2-thread-1"                   [_thread_blocked, id=912, stack(0x000000b307e00000,0x000000b307f00000) (1024K)]
  0x0000027ff29da420 JavaThread "Worker-2"                          [_thread_blocked, id=832, stack(0x000000b307f00000,0x000000b308000000) (1024K)]
  0x0000027ff29dcb80 JavaThread "WorkspaceEventsHandler"            [_thread_blocked, id=10380, stack(0x000000b308100000,0x000000b308200000) (1024K)]
  0x0000027ff29db140 JavaThread "pool-1-thread-1"                   [_thread_blocked, id=1204, stack(0x000000b308200000,0x000000b308300000) (1024K)]
  0x0000027ff29daab0 JavaThread "ForkJoinPool.commonPool-worker-1" daemon [_thread_blocked, id=2140, stack(0x000000b307200000,0x000000b307300000) (1024K)]
  0x0000027ff29dec50 JavaThread "ForkJoinPool.commonPool-worker-2" daemon [_thread_blocked, id=9224, stack(0x000000b308000000,0x000000b308100000) (1024K)]
Total: 30

Other Threads:
  0x0000027fd865cb50 VMThread "VM Thread"                           [id=8324, stack(0x000000b306000000,0x000000b306100000) (1024K)]
  0x0000027fec87cb00 WatcherThread "VM Periodic Task Thread"        [id=8488, stack(0x000000b305f00000,0x000000b306000000) (1024K)]
  0x0000027fd85bf590 WorkerThread "GC Thread#0"                     [id=12932, stack(0x000000b305e00000,0x000000b305f00000) (1024K)]
  0x0000027ff2390c10 WorkerThread "GC Thread#1"                     [id=10540, stack(0x000000b306b00000,0x000000b306c00000) (1024K)]
  0x0000027ff213e6c0 WorkerThread "GC Thread#2"                     [id=10804, stack(0x000000b306c00000,0x000000b306d00000) (1024K)]
  0x0000027ff2137d80 WorkerThread "GC Thread#3"                     [id=13236, stack(0x000000b306d00000,0x000000b306e00000) (1024K)]
Total: 6

Threads with active compile tasks:
C2 CompilerThread0  72278 6125       4       sun.nio.fs.WindowsPath::elementAsString (62 bytes)
C1 CompilerThread0  72278 6126   !   3       org.eclipse.jdt.internal.compiler.parser.Parser::parse (922 bytes)
Total: 2

VM state: not at safepoint (normal execution)

VM Mutex/Monitor currently owned by a thread: None

Heap address: 0x00000000c0000000, size: 1024 MB, Compressed Oops mode: 32-bit

CDS archive(s) mapped at: [0x0000027f80000000-0x0000027f80ba0000-0x0000027f80ba0000), size 12189696, SharedBaseAddress: 0x0000027f80000000, ArchiveRelocationMode: 1.
Compressed class space mapped at: 0x0000027f81000000-0x0000027fc1000000, reserved size: 1073741824
Narrow klass base: 0x0000027f80000000, Narrow klass shift: 0, Narrow klass range: 0x100000000

GC Precious Log:
 CardTable entry size: 512
 CPUs: 4 total, 4 available
 Memory: 12247M
 Large Page Support: Disabled
 NUMA Support: Disabled
 Compressed Oops: Enabled (32-bit)
 Alignments: Space 512K, Generation 512K, Heap 2M
 Heap Min Capacity: 100M
 Heap Initial Capacity: 100M
 Heap Max Capacity: 1G
 Pre-touch: Disabled
 Parallel Workers: 4

Heap:
 PSYoungGen      total 20480K, used 17038K [0x00000000eab00000, 0x00000000ec300000, 0x0000000100000000)
  eden space 19456K, 82% used [0x00000000eab00000,0x00000000ebaa9cd8,0x00000000ebe00000)
  from space 1024K, 97% used [0x00000000ec080000,0x00000000ec179ea0,0x00000000ec180000)
  to   space 2560K, 0% used [0x00000000ebe00000,0x00000000ebe00000,0x00000000ec080000)
 ParOldGen       total 68608K, used 31558K [0x00000000c0000000, 0x00000000c4300000, 0x00000000eab00000)
  object space 68608K, 45% used [0x00000000c0000000,0x00000000c1ed1960,0x00000000c4300000)
 Metaspace       used 43364K, committed 44416K, reserved 1114112K
  class space    used 4227K, committed 4672K, reserved 1048576K

Card table byte_map: [0x0000027fd7f50000,0x0000027fd8160000] _byte_map_base: 0x0000027fd7950000

Marking Bits: (ParMarkBitMap*) 0x00007ffee21a3260
 Begin Bits: [0x0000027fea7a0000, 0x0000027feb7a0000)
 End Bits:   [0x0000027feb7a0000, 0x0000027fec7a0000)

Polling page: 0x0000027fd61e0000

Metaspace:

Usage:
  Non-class:     38.22 MB used.
      Class:      4.13 MB used.
       Both:     42.35 MB used.

Virtual space:
  Non-class space:       64.00 MB reserved,      38.81 MB ( 61%) committed,  1 nodes.
      Class space:        1.00 GB reserved,       4.56 MB ( <1%) committed,  1 nodes.
             Both:        1.06 GB reserved,      43.38 MB (  4%) committed. 

Chunk freelists:
   Non-Class:  8.80 MB
       Class:  11.27 MB
        Both:  20.07 MB

MaxMetaspaceSize: unlimited
CompressedClassSpaceSize: 1.00 GB
Initial GC threshold: 21.00 MB
Current GC threshold: 58.38 MB
CDS: on
 - commit_granule_bytes: 65536.
 - commit_granule_words: 8192.
 - virtual_space_node_default_size: 8388608.
 - enlarge_chunks_in_place: 1.
 - use_allocation_guard: 0.


Internal statistics:

num_allocs_failed_limit: 6.
num_arena_births: 816.
num_arena_deaths: 26.
num_vsnodes_births: 2.
num_vsnodes_deaths: 0.
num_space_committed: 694.
num_space_uncommitted: 0.
num_chunks_returned_to_freelist: 35.
num_chunks_taken_from_freelist: 2670.
num_chunk_merges: 13.
num_chunk_splits: 1709.
num_chunks_enlarged: 1049.
num_inconsistent_stats: 0.

CodeHeap 'non-profiled nmethods': size=120000Kb used=3855Kb max_used=3855Kb free=116144Kb
 bounds [0x0000027fe3270000, 0x0000027fe3640000, 0x0000027fea7a0000]
CodeHeap 'profiled nmethods': size=120000Kb used=13189Kb max_used=13189Kb free=106810Kb
 bounds [0x0000027fdb7a0000, 0x0000027fdc490000, 0x0000027fe2cd0000]
CodeHeap 'non-nmethods': size=5760Kb used=1409Kb max_used=1496Kb free=4350Kb
 bounds [0x0000027fe2cd0000, 0x0000027fe2f40000, 0x0000027fe3270000]
 total_blobs=6459 nmethods=5737 adapters=628
 compilation: enabled
              stopped_count=0, restarted_count=0
 full_count=0

Compilation events (20 events):
Event: 70.960 Thread 0x0000027fec8deb10 nmethod 6116 0x0000027fdc47de90 code [0x0000027fdc47e120, 0x0000027fdc47ea98]
Event: 70.983 Thread 0x0000027fec8deb10 6118       3       java.lang.invoke.InnerClassLambdaMetafactory::lambdaClassName (48 bytes)
Event: 70.983 Thread 0x0000027fec8deb10 nmethod 6118 0x0000027fdc47ee90 code [0x0000027fdc47f0e0, 0x0000027fdc47f7b0]
Event: 70.984 Thread 0x0000027fec8deb10 6119       3       java.lang.invoke.MethodHandles$Lookup::getDirectConstructor (10 bytes)
Event: 70.984 Thread 0x0000027fec8deb10 nmethod 6119 0x0000027fdc47fa90 code [0x0000027fdc47fc40, 0x0000027fdc47fd80]
Event: 71.018 Thread 0x0000027fec8dba60 nmethod 6115 0x0000027fe362e310 code [0x0000027fe362e660, 0x0000027fe3630580]
Event: 71.018 Thread 0x0000027fec8dba60 6117       4       org.eclipse.osgi.internal.loader.BundleLoader::getProviderLoader (77 bytes)
Event: 71.045 Thread 0x0000027fec8deb10 6120       3       org.eclipse.core.internal.jobs.JobQueue::peek (26 bytes)
Event: 71.045 Thread 0x0000027fec8deb10 nmethod 6120 0x0000027fdc47fe10 code [0x0000027fdc47ffc0, 0x0000027fdc480158]
Event: 71.048 Thread 0x0000027fec8dba60 nmethod 6117 0x0000027fe3631b10 code [0x0000027fe3631de0, 0x0000027fe3632ee8]
Event: 71.052 Thread 0x0000027fec8deb10 6121   !   3       lombok.core.configuration.FileSystemSourceCache::parseIfNeccesary (124 bytes)
Event: 71.053 Thread 0x0000027fec8deb10 nmethod 6121 0x0000027fdc480210 code [0x0000027fdc480400, 0x0000027fdc480950]
Event: 71.053 Thread 0x0000027fec8deb10 6122       3       lombok.core.configuration.ConfigurationFile$RegularConfigurationFile::parent (39 bytes)
Event: 71.053 Thread 0x0000027fec8deb10 nmethod 6122 0x0000027fdc480b90 code [0x0000027fdc480da0, 0x0000027fdc4813f0]
Event: 71.055 Thread 0x0000027fec8deb10 6123       3       org.eclipse.core.internal.jobs.InternalJob::getState (60 bytes)
Event: 71.055 Thread 0x0000027fec8deb10 nmethod 6123 0x0000027fdc481690 code [0x0000027fdc481840, 0x0000027fdc481a68]
Event: 71.056 Thread 0x0000027fec8deb10 6124       3       org.eclipse.core.runtime.jobs.Job::getState (5 bytes)
Event: 71.056 Thread 0x0000027fec8deb10 nmethod 6124 0x0000027fdc481b10 code [0x0000027fdc481cc0, 0x0000027fdc481e00]
Event: 72.217 Thread 0x0000027fec8dba60 6125       4       sun.nio.fs.WindowsPath::elementAsString (62 bytes)
Event: 72.218 Thread 0x0000027fec8deb10 6126   !   3       org.eclipse.jdt.internal.compiler.parser.Parser::parse (922 bytes)

GC Heap History (20 events):
Event: 32.710 GC heap before
{Heap before GC invocations=15 (full 1):
 PSYoungGen      total 24576K, used 24452K [0x00000000eab00000, 0x00000000ec580000, 0x0000000100000000)
  eden space 22016K, 100% used [0x00000000eab00000,0x00000000ec080000,0x00000000ec080000)
  from space 2560K, 95% used [0x00000000ec100000,0x00000000ec361000,0x00000000ec380000)
  to   space 2048K, 0% used [0x00000000ec380000,0x00000000ec380000,0x00000000ec580000)
 ParOldGen       total 68608K, used 21733K [0x00000000c0000000, 0x00000000c4300000, 0x00000000eab00000)
  object space 68608K, 31% used [0x00000000c0000000,0x00000000c1539748,0x00000000c4300000)
 Metaspace       used 31988K, committed 32896K, reserved 1114112K
  class space    used 3117K, committed 3520K, reserved 1048576K
}
Event: 32.719 GC heap after
{Heap after GC invocations=15 (full 1):
 PSYoungGen      total 21504K, used 2048K [0x00000000eab00000, 0x00000000ecb80000, 0x0000000100000000)
  eden space 19456K, 0% used [0x00000000eab00000,0x00000000eab00000,0x00000000ebe00000)
  from space 2048K, 100% used [0x00000000ec380000,0x00000000ec580000,0x00000000ec580000)
  to   space 5632K, 0% used [0x00000000ebe00000,0x00000000ebe00000,0x00000000ec380000)
 ParOldGen       total 68608K, used 24459K [0x00000000c0000000, 0x00000000c4300000, 0x00000000eab00000)
  object space 68608K, 35% used [0x00000000c0000000,0x00000000c17e2d80,0x00000000c4300000)
 Metaspace       used 31988K, committed 32896K, reserved 1114112K
  class space    used 3117K, committed 3520K, reserved 1048576K
}
Event: 33.375 GC heap before
{Heap before GC invocations=16 (full 1):
 PSYoungGen      total 21504K, used 21504K [0x00000000eab00000, 0x00000000ecb80000, 0x0000000100000000)
  eden space 19456K, 100% used [0x00000000eab00000,0x00000000ebe00000,0x00000000ebe00000)
  from space 2048K, 100% used [0x00000000ec380000,0x00000000ec580000,0x00000000ec580000)
  to   space 5632K, 0% used [0x00000000ebe00000,0x00000000ebe00000,0x00000000ec380000)
 ParOldGen       total 68608K, used 24459K [0x00000000c0000000, 0x00000000c4300000, 0x00000000eab00000)
  object space 68608K, 35% used [0x00000000c0000000,0x00000000c17e2d80,0x00000000c4300000)
 Metaspace       used 32496K, committed 33344K, reserved 1114112K
  class space    used 3183K, committed 3584K, reserved 1048576K
}
Event: 33.381 GC heap after
{Heap after GC invocations=16 (full 1):
 PSYoungGen      total 21504K, used 1784K [0x00000000eab00000, 0x00000000ec400000, 0x0000000100000000)
  eden space 19456K, 0% used [0x00000000eab00000,0x00000000eab00000,0x00000000ebe00000)
  from space 2048K, 87% used [0x00000000ebe00000,0x00000000ebfbe200,0x00000000ec000000)
  to   space 3072K, 0% used [0x00000000ec100000,0x00000000ec100000,0x00000000ec400000)
 ParOldGen       total 68608K, used 26491K [0x00000000c0000000, 0x00000000c4300000, 0x00000000eab00000)
  object space 68608K, 38% used [0x00000000c0000000,0x00000000c19ded80,0x00000000c4300000)
 Metaspace       used 32496K, committed 33344K, reserved 1114112K
  class space    used 3183K, committed 3584K, reserved 1048576K
}
Event: 35.043 GC heap before
{Heap before GC invocations=17 (full 1):
 PSYoungGen      total 21504K, used 21240K [0x00000000eab00000, 0x00000000ec400000, 0x0000000100000000)
  eden space 19456K, 100% used [0x00000000eab00000,0x00000000ebe00000,0x00000000ebe00000)
  from space 2048K, 87% used [0x00000000ebe00000,0x00000000ebfbe200,0x00000000ec000000)
  to   space 3072K, 0% used [0x00000000ec100000,0x00000000ec100000,0x00000000ec400000)
 ParOldGen       total 68608K, used 26491K [0x00000000c0000000, 0x00000000c4300000, 0x00000000eab00000)
  object space 68608K, 38% used [0x00000000c0000000,0x00000000c19ded80,0x00000000c4300000)
 Metaspace       used 34500K, committed 35328K, reserved 1114112K
  class space    used 3407K, committed 3776K, reserved 1048576K
}
Event: 35.046 GC heap after
{Heap after GC invocations=17 (full 1):
 PSYoungGen      total 20480K, used 564K [0x00000000eab00000, 0x00000000ec200000, 0x0000000100000000)
  eden space 19456K, 0% used [0x00000000eab00000,0x00000000eab00000,0x00000000ebe00000)
  from space 1024K, 55% used [0x00000000ec100000,0x00000000ec18d3c8,0x00000000ec200000)
  to   space 1536K, 0% used [0x00000000ebf00000,0x00000000ebf00000,0x00000000ec080000)
 ParOldGen       total 68608K, used 28204K [0x00000000c0000000, 0x00000000c4300000, 0x00000000eab00000)
  object space 68608K, 41% used [0x00000000c0000000,0x00000000c1b8b258,0x00000000c4300000)
 Metaspace       used 34500K, committed 35328K, reserved 1114112K
  class space    used 3407K, committed 3776K, reserved 1048576K
}
Event: 35.695 GC heap before
{Heap before GC invocations=18 (full 1):
 PSYoungGen      total 20480K, used 7046K [0x00000000eab00000, 0x00000000ec200000, 0x0000000100000000)
  eden space 19456K, 33% used [0x00000000eab00000,0x00000000eb1546f8,0x00000000ebe00000)
  from space 1024K, 55% used [0x00000000ec100000,0x00000000ec18d3c8,0x00000000ec200000)
  to   space 1536K, 0% used [0x00000000ebf00000,0x00000000ebf00000,0x00000000ec080000)
 ParOldGen       total 68608K, used 28204K [0x00000000c0000000, 0x00000000c4300000, 0x00000000eab00000)
  object space 68608K, 41% used [0x00000000c0000000,0x00000000c1b8b258,0x00000000c4300000)
 Metaspace       used 34983K, committed 35840K, reserved 1114112K
  class space    used 3439K, committed 3840K, reserved 1048576K
}
Event: 35.696 GC heap after
{Heap after GC invocations=18 (full 1):
 PSYoungGen      total 20992K, used 256K [0x00000000eab00000, 0x00000000ec180000, 0x0000000100000000)
  eden space 19456K, 0% used [0x00000000eab00000,0x00000000eab00000,0x00000000ebe00000)
  from space 1536K, 16% used [0x00000000ebf00000,0x00000000ebf40010,0x00000000ec080000)
  to   space 512K, 0% used [0x00000000ec100000,0x00000000ec100000,0x00000000ec180000)
 ParOldGen       total 68608K, used 28705K [0x00000000c0000000, 0x00000000c4300000, 0x00000000eab00000)
  object space 68608K, 41% used [0x00000000c0000000,0x00000000c1c084b8,0x00000000c4300000)
 Metaspace       used 34983K, committed 35840K, reserved 1114112K
  class space    used 3439K, committed 3840K, reserved 1048576K
}
Event: 35.696 GC heap before
{Heap before GC invocations=19 (full 2):
 PSYoungGen      total 20992K, used 256K [0x00000000eab00000, 0x00000000ec180000, 0x0000000100000000)
  eden space 19456K, 0% used [0x00000000eab00000,0x00000000eab00000,0x00000000ebe00000)
  from space 1536K, 16% used [0x00000000ebf00000,0x00000000ebf40010,0x00000000ec080000)
  to   space 512K, 0% used [0x00000000ec100000,0x00000000ec100000,0x00000000ec180000)
 ParOldGen       total 68608K, used 28705K [0x00000000c0000000, 0x00000000c4300000, 0x00000000eab00000)
  object space 68608K, 41% used [0x00000000c0000000,0x00000000c1c084b8,0x00000000c4300000)
 Metaspace       used 34983K, committed 35840K, reserved 1114112K
  class space    used 3439K, committed 3840K, reserved 1048576K
}
Event: 35.787 GC heap after
{Heap after GC invocations=19 (full 2):
 PSYoungGen      total 20992K, used 0K [0x00000000eab00000, 0x00000000ec180000, 0x0000000100000000)
  eden space 19456K, 0% used [0x00000000eab00000,0x00000000eab00000,0x00000000ebe00000)
  from space 1536K, 0% used [0x00000000ebf00000,0x00000000ebf00000,0x00000000ec080000)
  to   space 512K, 0% used [0x00000000ec100000,0x00000000ec100000,0x00000000ec180000)
 ParOldGen       total 68608K, used 28064K [0x00000000c0000000, 0x00000000c4300000, 0x00000000eab00000)
  object space 68608K, 40% used [0x00000000c0000000,0x00000000c1b68368,0x00000000c4300000)
 Metaspace       used 34973K, committed 35840K, reserved 1114112K
  class space    used 3436K, committed 3840K, reserved 1048576K
}
Event: 37.105 GC heap before
{Heap before GC invocations=20 (full 2):
 PSYoungGen      total 20992K, used 19456K [0x00000000eab00000, 0x00000000ec180000, 0x0000000100000000)
  eden space 19456K, 100% used [0x00000000eab00000,0x00000000ebe00000,0x00000000ebe00000)
  from space 1536K, 0% used [0x00000000ebf00000,0x00000000ebf00000,0x00000000ec080000)
  to   space 512K, 0% used [0x00000000ec100000,0x00000000ec100000,0x00000000ec180000)
 ParOldGen       total 68608K, used 28064K [0x00000000c0000000, 0x00000000c4300000, 0x00000000eab00000)
  object space 68608K, 40% used [0x00000000c0000000,0x00000000c1b68368,0x00000000c4300000)
 Metaspace       used 36852K, committed 37696K, reserved 1114112K
  class space    used 3615K, committed 4032K, reserved 1048576K
}
Event: 37.107 GC heap after
{Heap after GC invocations=20 (full 2):
 PSYoungGen      total 19968K, used 448K [0x00000000eab00000, 0x00000000ec180000, 0x0000000100000000)
  eden space 19456K, 0% used [0x00000000eab00000,0x00000000eab00000,0x00000000ebe00000)
  from space 512K, 87% used [0x00000000ec100000,0x00000000ec170000,0x00000000ec180000)
  to   space 512K, 0% used [0x00000000ec080000,0x00000000ec080000,0x00000000ec100000)
 ParOldGen       total 68608K, used 28072K [0x00000000c0000000, 0x00000000c4300000, 0x00000000eab00000)
  object space 68608K, 40% used [0x00000000c0000000,0x00000000c1b6a368,0x00000000c4300000)
 Metaspace       used 36852K, committed 37696K, reserved 1114112K
  class space    used 3615K, committed 4032K, reserved 1048576K
}
Event: 41.221 GC heap before
{Heap before GC invocations=21 (full 2):
 PSYoungGen      total 19968K, used 19904K [0x00000000eab00000, 0x00000000ec180000, 0x0000000100000000)
  eden space 19456K, 100% used [0x00000000eab00000,0x00000000ebe00000,0x00000000ebe00000)
  from space 512K, 87% used [0x00000000ec100000,0x00000000ec170000,0x00000000ec180000)
  to   space 512K, 0% used [0x00000000ec080000,0x00000000ec080000,0x00000000ec100000)
 ParOldGen       total 68608K, used 28072K [0x00000000c0000000, 0x00000000c4300000, 0x00000000eab00000)
  object space 68608K, 40% used [0x00000000c0000000,0x00000000c1b6a368,0x00000000c4300000)
 Metaspace       used 38303K, committed 39232K, reserved 1114112K
  class space    used 3750K, committed 4160K, reserved 1048576K
}
Event: 41.224 GC heap after
{Heap after GC invocations=21 (full 2):
 PSYoungGen      total 19968K, used 512K [0x00000000eab00000, 0x00000000ec400000, 0x0000000100000000)
  eden space 19456K, 0% used [0x00000000eab00000,0x00000000eab00000,0x00000000ebe00000)
  from space 512K, 100% used [0x00000000ec080000,0x00000000ec100000,0x00000000ec100000)
  to   space 3072K, 0% used [0x00000000ec100000,0x00000000ec100000,0x00000000ec400000)
 ParOldGen       total 68608K, used 29851K [0x00000000c0000000, 0x00000000c4300000, 0x00000000eab00000)
  object space 68608K, 43% used [0x00000000c0000000,0x00000000c1d26c58,0x00000000c4300000)
 Metaspace       used 38303K, committed 39232K, reserved 1114112K
  class space    used 3750K, committed 4160K, reserved 1048576K
}
Event: 41.723 GC heap before
{Heap before GC invocations=22 (full 2):
 PSYoungGen      total 19968K, used 19968K [0x00000000eab00000, 0x00000000ec400000, 0x0000000100000000)
  eden space 19456K, 100% used [0x00000000eab00000,0x00000000ebe00000,0x00000000ebe00000)
  from space 512K, 100% used [0x00000000ec080000,0x00000000ec100000,0x00000000ec100000)
  to   space 3072K, 0% used [0x00000000ec100000,0x00000000ec100000,0x00000000ec400000)
 ParOldGen       total 68608K, used 29851K [0x00000000c0000000, 0x00000000c4300000, 0x00000000eab00000)
  object space 68608K, 43% used [0x00000000c0000000,0x00000000c1d26c58,0x00000000c4300000)
 Metaspace       used 38411K, committed 39296K, reserved 1114112K
  class space    used 3759K, committed 4160K, reserved 1048576K
}
Event: 41.724 GC heap after
{Heap after GC invocations=22 (full 2):
 PSYoungGen      total 20480K, used 897K [0x00000000eab00000, 0x00000000ec200000, 0x0000000100000000)
  eden space 19456K, 0% used [0x00000000eab00000,0x00000000eab00000,0x00000000ebe00000)
  from space 1024K, 87% used [0x00000000ec100000,0x00000000ec1e0678,0x00000000ec200000)
  to   space 1536K, 0% used [0x00000000ebf00000,0x00000000ebf00000,0x00000000ec080000)
 ParOldGen       total 68608K, used 30356K [0x00000000c0000000, 0x00000000c4300000, 0x00000000eab00000)
  object space 68608K, 44% used [0x00000000c0000000,0x00000000c1da5270,0x00000000c4300000)
 Metaspace       used 38411K, committed 39296K, reserved 1114112K
  class space    used 3759K, committed 4160K, reserved 1048576K
}
Event: 43.029 GC heap before
{Heap before GC invocations=23 (full 2):
 PSYoungGen      total 20480K, used 20353K [0x00000000eab00000, 0x00000000ec200000, 0x0000000100000000)
  eden space 19456K, 100% used [0x00000000eab00000,0x00000000ebe00000,0x00000000ebe00000)
  from space 1024K, 87% used [0x00000000ec100000,0x00000000ec1e0678,0x00000000ec200000)
  to   space 1536K, 0% used [0x00000000ebf00000,0x00000000ebf00000,0x00000000ec080000)
 ParOldGen       total 68608K, used 30356K [0x00000000c0000000, 0x00000000c4300000, 0x00000000eab00000)
  object space 68608K, 44% used [0x00000000c0000000,0x00000000c1da5270,0x00000000c4300000)
 Metaspace       used 40341K, committed 41280K, reserved 1114112K
  class space    used 3946K, committed 4352K, reserved 1048576K
}
Event: 43.032 GC heap after
{Heap after GC invocations=23 (full 2):
 PSYoungGen      total 20992K, used 736K [0x00000000eab00000, 0x00000000ec180000, 0x0000000100000000)
  eden space 19456K, 0% used [0x00000000eab00000,0x00000000eab00000,0x00000000ebe00000)
  from space 1536K, 47% used [0x00000000ebf00000,0x00000000ebfb8000,0x00000000ec080000)
  to   space 1024K, 0% used [0x00000000ec080000,0x00000000ec080000,0x00000000ec180000)
 ParOldGen       total 68608K, used 30644K [0x00000000c0000000, 0x00000000c4300000, 0x00000000eab00000)
  object space 68608K, 44% used [0x00000000c0000000,0x00000000c1ded270,0x00000000c4300000)
 Metaspace       used 40341K, committed 41280K, reserved 1114112K
  class space    used 3946K, committed 4352K, reserved 1048576K
}
Event: 44.041 GC heap before
{Heap before GC invocations=24 (full 2):
 PSYoungGen      total 20992K, used 20192K [0x00000000eab00000, 0x00000000ec180000, 0x0000000100000000)
  eden space 19456K, 100% used [0x00000000eab00000,0x00000000ebe00000,0x00000000ebe00000)
  from space 1536K, 47% used [0x00000000ebf00000,0x00000000ebfb8000,0x00000000ec080000)
  to   space 1024K, 0% used [0x00000000ec080000,0x00000000ec080000,0x00000000ec180000)
 ParOldGen       total 68608K, used 30644K [0x00000000c0000000, 0x00000000c4300000, 0x00000000eab00000)
  object space 68608K, 44% used [0x00000000c0000000,0x00000000c1ded270,0x00000000c4300000)
 Metaspace       used 42596K, committed 43584K, reserved 1114112K
  class space    used 4163K, committed 4608K, reserved 1048576K
}
Event: 44.044 GC heap after
{Heap after GC invocations=24 (full 2):
 PSYoungGen      total 20480K, used 999K [0x00000000eab00000, 0x00000000ec300000, 0x0000000100000000)
  eden space 19456K, 0% used [0x00000000eab00000,0x00000000eab00000,0x00000000ebe00000)
  from space 1024K, 97% used [0x00000000ec080000,0x00000000ec179ea0,0x00000000ec180000)
  to   space 2560K, 0% used [0x00000000ebe00000,0x00000000ebe00000,0x00000000ec080000)
 ParOldGen       total 68608K, used 31558K [0x00000000c0000000, 0x00000000c4300000, 0x00000000eab00000)
  object space 68608K, 45% used [0x00000000c0000000,0x00000000c1ed1960,0x00000000c4300000)
 Metaspace       used 42596K, committed 43584K, reserved 1114112K
  class space    used 4163K, committed 4608K, reserved 1048576K
}

Dll operation events (10 events):
Event: 0.010 Loaded shared library c:\Users\lucas\.cursor\extensions\redhat.java-1.41.1-win32-x64\jre\21.0.6-win32-x86_64\bin\java.dll
Event: 0.128 Loaded shared library c:\Users\lucas\.cursor\extensions\redhat.java-1.41.1-win32-x64\jre\21.0.6-win32-x86_64\bin\zip.dll
Event: 0.183 Loaded shared library C:\Users\lucas\.cursor\extensions\redhat.java-1.41.1-win32-x64\jre\21.0.6-win32-x86_64\bin\instrument.dll
Event: 0.188 Loaded shared library C:\Users\lucas\.cursor\extensions\redhat.java-1.41.1-win32-x64\jre\21.0.6-win32-x86_64\bin\net.dll
Event: 0.191 Loaded shared library C:\Users\lucas\.cursor\extensions\redhat.java-1.41.1-win32-x64\jre\21.0.6-win32-x86_64\bin\nio.dll
Event: 0.196 Loaded shared library C:\Users\lucas\.cursor\extensions\redhat.java-1.41.1-win32-x64\jre\21.0.6-win32-x86_64\bin\zip.dll
Event: 0.239 Loaded shared library C:\Users\lucas\.cursor\extensions\redhat.java-1.41.1-win32-x64\jre\21.0.6-win32-x86_64\bin\jimage.dll
Event: 0.619 Loaded shared library c:\Users\lucas\.cursor\extensions\redhat.java-1.41.1-win32-x64\jre\21.0.6-win32-x86_64\bin\verify.dll
Event: 5.091 Loaded shared library C:\Users\lucas\AppData\Roaming\Cursor\User\globalStorage\redhat.java\1.41.1\config_ss_win\org.eclipse.equinox.launcher\org.eclipse.equinox.launcher.win32.win32.x86_64_1.2.1300.v20250331-1702\eclipse_11911.dll
Event: 8.722 Loaded shared library C:\Users\lucas\AppData\Local\Temp\jna-103324076\jna11359368596706853478.dll

Deoptimization events (20 events):
Event: 44.133 Thread 0x0000027ff29da420 DEOPT PACKING pc=0x0000027fdb81409a sp=0x000000b307ffdf30
Event: 44.133 Thread 0x0000027ff29da420 DEOPT UNPACKING pc=0x0000027fe2d24223 sp=0x000000b307ffd3d8 mode 0
Event: 44.136 Thread 0x0000027ff29da420 DEOPT PACKING pc=0x0000027fdb81410d sp=0x000000b307ffd860
Event: 44.136 Thread 0x0000027ff29da420 DEOPT UNPACKING pc=0x0000027fe2d24223 sp=0x000000b307ffcd08 mode 0
Event: 53.789 Thread 0x0000027ff29daab0 DEOPT PACKING pc=0x0000027fdc057d6a sp=0x000000b3072fdfc0
Event: 53.789 Thread 0x0000027ff29daab0 DEOPT UNPACKING pc=0x0000027fe2d24223 sp=0x000000b3072fd548 mode 0
Event: 54.731 Thread 0x0000027ff29daab0 DEOPT PACKING pc=0x0000027fdc2a7fc9 sp=0x000000b3072fd730
Event: 54.731 Thread 0x0000027ff29daab0 DEOPT UNPACKING pc=0x0000027fe2d24223 sp=0x000000b3072fcb68 mode 0
Event: 65.213 Thread 0x0000027ff29db140 Uncommon trap: trap_request=0xffffff45 fr.pc=0x0000027fe35e6724 relative=0x0000000000003064
Event: 65.213 Thread 0x0000027ff29db140 Uncommon trap: reason=unstable_if action=reinterpret pc=0x0000027fe35e6724 method=org.eclipse.jdt.internal.compiler.parser.Scanner.internalScanIdentifierOrKeyword(II[C)Lorg/eclipse/jdt/internal/compiler/parser/TerminalToken; @ 3 c2
Event: 65.213 Thread 0x0000027ff29db140 DEOPT PACKING pc=0x0000027fe35e6724 sp=0x000000b3082fdd60
Event: 65.213 Thread 0x0000027ff29db140 DEOPT UNPACKING pc=0x0000027fe2d23a9c sp=0x000000b3082fdd08 mode 2
Event: 65.213 Thread 0x0000027ff29db140 Uncommon trap: trap_request=0xffffff45 fr.pc=0x0000027fe35ad84c relative=0x000000000000280c
Event: 65.213 Thread 0x0000027ff29db140 Uncommon trap: reason=unstable_if action=reinterpret pc=0x0000027fe35ad84c method=org.eclipse.jdt.internal.compiler.parser.Parser.consumeToken(Lorg/eclipse/jdt/internal/compiler/parser/TerminalToken;)V @ 8 c2
Event: 65.213 Thread 0x0000027ff29db140 DEOPT PACKING pc=0x0000027fe35ad84c sp=0x000000b3082fddf0
Event: 65.213 Thread 0x0000027ff29db140 DEOPT UNPACKING pc=0x0000027fe2d23a9c sp=0x000000b3082fddd8 mode 2
Event: 65.213 Thread 0x0000027ff29db140 Uncommon trap: trap_request=0xffffff45 fr.pc=0x0000027fe35cd09c relative=0x000000000000263c
Event: 65.213 Thread 0x0000027ff29db140 Uncommon trap: reason=unstable_if action=reinterpret pc=0x0000027fe35cd09c method=org.eclipse.jdt.internal.compiler.parser.Parser.consumeRule(I)V @ 1 c2
Event: 65.213 Thread 0x0000027ff29db140 DEOPT PACKING pc=0x0000027fe35cd09c sp=0x000000b3082fde50
Event: 65.213 Thread 0x0000027ff29db140 DEOPT UNPACKING pc=0x0000027fe2d23a9c sp=0x000000b3082fddf0 mode 2

Classes loaded (20 events):
Event: 43.464 Loading class java/util/stream/IntPipeline
Event: 43.465 Loading class java/util/stream/IntStream
Event: 43.465 Loading class java/util/stream/IntStream done
Event: 43.465 Loading class java/util/stream/IntPipeline done
Event: 43.465 Loading class java/util/stream/IntPipeline$StatelessOp done
Event: 43.465 Loading class java/util/stream/ReferencePipeline$4 done
Event: 43.466 Loading class java/util/stream/Nodes$IntFixedNodeBuilder
Event: 43.466 Loading class java/util/stream/Node$Builder$OfInt
Event: 43.466 Loading class java/util/stream/Sink$OfInt
Event: 43.466 Loading class java/util/stream/Sink$OfInt done
Event: 43.466 Loading class java/util/stream/Node$Builder$OfInt done
Event: 43.466 Loading class java/util/stream/Nodes$IntArrayNode
Event: 43.466 Loading class java/util/stream/Nodes$IntArrayNode done
Event: 43.477 Loading class java/util/stream/Nodes$IntFixedNodeBuilder done
Event: 43.477 Loading class java/util/stream/ReferencePipeline$4$1
Event: 43.477 Loading class java/util/stream/ReferencePipeline$4$1 done
Event: 70.976 Loading class java/util/Collections$SynchronizedRandomAccessList
Event: 70.976 Loading class java/util/Collections$SynchronizedList
Event: 70.977 Loading class java/util/Collections$SynchronizedList done
Event: 70.977 Loading class java/util/Collections$SynchronizedRandomAccessList done

Classes unloaded (13 events):
Event: 9.743 Thread 0x0000027fd865cb50 Unloading class 0x0000027f81180c00 'java/lang/invoke/LambdaForm$MH+0x0000027f81180c00'
Event: 9.743 Thread 0x0000027fd865cb50 Unloading class 0x0000027f81180800 'java/lang/invoke/LambdaForm$MH+0x0000027f81180800'
Event: 9.743 Thread 0x0000027fd865cb50 Unloading class 0x0000027f81180400 'java/lang/invoke/LambdaForm$MH+0x0000027f81180400'
Event: 9.743 Thread 0x0000027fd865cb50 Unloading class 0x0000027f81180000 'java/lang/invoke/LambdaForm$MH+0x0000027f81180000'
Event: 9.743 Thread 0x0000027fd865cb50 Unloading class 0x0000027f8117fc00 'java/lang/invoke/LambdaForm$BMH+0x0000027f8117fc00'
Event: 9.743 Thread 0x0000027fd865cb50 Unloading class 0x0000027f8117f800 'java/lang/invoke/LambdaForm$DMH+0x0000027f8117f800'
Event: 9.743 Thread 0x0000027fd865cb50 Unloading class 0x0000027f8117e400 'java/lang/invoke/LambdaForm$DMH+0x0000027f8117e400'
Event: 35.714 Thread 0x0000027fd865cb50 Unloading class 0x0000027f8134bc00 'java/lang/invoke/LambdaForm$MH+0x0000027f8134bc00'
Event: 35.714 Thread 0x0000027fd865cb50 Unloading class 0x0000027f8134b400 'java/lang/invoke/LambdaForm$MH+0x0000027f8134b400'
Event: 35.714 Thread 0x0000027fd865cb50 Unloading class 0x0000027f8134ac00 'java/lang/invoke/LambdaForm$MH+0x0000027f8134ac00'
Event: 35.714 Thread 0x0000027fd865cb50 Unloading class 0x0000027f8134a800 'java/lang/invoke/LambdaForm$MH+0x0000027f8134a800'
Event: 35.714 Thread 0x0000027fd865cb50 Unloading class 0x0000027f8134a000 'java/lang/invoke/LambdaForm$DMH+0x0000027f8134a000'
Event: 35.714 Thread 0x0000027fd865cb50 Unloading class 0x0000027f81349400 'java/lang/invoke/LambdaForm$MH+0x0000027f81349400'

Classes redefined (0 events):
No events

Internal exceptions (20 events):
Event: 36.686 Thread 0x0000027ff29dec50 Exception <a 'java/lang/LinkageError'{0x00000000eb823e98}: loader lombok.launch.ShadowClassLoader @3e5f05cf attempted duplicate class definition for lombok.launch.PatchFixesHider$FieldInitializer. (lombok.launch.PatchFixesHider$FieldInitializer is in unnamed module of loader lombok.launch.ShadowClassLoader @3e5f05cf, parent loader org.eclipse.osgi.internal.loader.EquinoxClassLoader @398c031d)> (0x00000000eb823e98) 
thrown [s\src\hotspot\share\classfile\systemDictionary.cpp, line 1682]
Event: 36.735 Thread 0x0000027ff29daab0 Exception <a 'java/lang/NoSuchMethodError'{0x00000000eb8f5f08}: 'java.lang.Object java.lang.invoke.DirectMethodHandle$Holder.newInvokeSpecial(java.lang.Object, java.lang.Object, java.lang.Object, java.lang.Object, int)'> (0x00000000eb8f5f08) 
thrown [s\src\hotspot\share\interpreter\linkResolver.cpp, line 773]
Event: 36.735 Thread 0x0000027ff29daab0 Exception <a 'java/lang/NoSuchMethodError'{0x00000000eb9aed30}: 'java.lang.Object java.lang.invoke.DirectMethodHandle$Holder.invokeSpecial(java.lang.Object, java.lang.Object, java.lang.Object, java.lang.Object, java.lang.Object, int)'> (0x00000000eb9aed30) 
thrown [s\src\hotspot\share\interpreter\linkResolver.cpp, line 773]
Event: 36.736 Thread 0x0000027ff29daab0 Exception <a 'java/lang/NoSuchMethodError'{0x00000000eb9b2510}: 'java.lang.Object java.lang.invoke.Invokers$Holder.linkToTargetMethod(java.lang.Object, java.lang.Object, java.lang.Object, int, java.lang.Object)'> (0x00000000eb9b2510) 
thrown [s\src\hotspot\share\interpreter\linkResolver.cpp, line 773]
Event: 40.469 Thread 0x0000027ff29db140 Exception <a 'java/lang/IncompatibleClassChangeError'{0x00000000eac89a28}: Found class java.lang.Object, but interface was expected> (0x00000000eac89a28) 
thrown [s\src\hotspot\share\interpreter\linkResolver.cpp, line 840]
Event: 40.496 Thread 0x0000027ff29daab0 Exception <a 'java/lang/NoSuchMethodError'{0x00000000ead562a8}: 'int java.lang.invoke.DirectMethodHandle$Holder.invokeInterface(java.lang.Object, java.lang.Object)'> (0x00000000ead562a8) 
thrown [s\src\hotspot\share\interpreter\linkResolver.cpp, line 773]
Event: 40.497 Thread 0x0000027ff29daab0 Exception <a 'java/lang/IncompatibleClassChangeError'{0x00000000ead59578}: Found class java.lang.Object, but interface was expected> (0x00000000ead59578) 
thrown [s\src\hotspot\share\interpreter\linkResolver.cpp, line 840]
Event: 40.869 Thread 0x0000027ff29daab0 Exception <a 'java/lang/NoSuchMethodError'{0x00000000eb410350}: 'int java.lang.invoke.Invokers$Holder.invokeExact_MT(java.lang.Object, java.lang.Object)'> (0x00000000eb410350) 
thrown [s\src\hotspot\share\interpreter\linkResolver.cpp, line 773]
Event: 42.322 Thread 0x0000027ff29da420 Exception <a 'java/lang/NoSuchMethodError'{0x00000000eb4cfd98}: 'java.lang.Object java.lang.invoke.DirectMethodHandle$Holder.invokeSpecial(java.lang.Object, java.lang.Object, int, long)'> (0x00000000eb4cfd98) 
thrown [s\src\hotspot\share\interpreter\linkResolver.cpp, line 773]
Event: 42.928 Thread 0x0000027ff29daab0 Exception <a 'java/lang/NoSuchMethodError'{0x00000000ebcbba48}: 'int java.lang.invoke.DirectMethodHandle$Holder.invokeSpecialIFC(java.lang.Object, java.lang.Object, java.lang.Object)'> (0x00000000ebcbba48) 
thrown [s\src\hotspot\share\interpreter\linkResolver.cpp, line 773]
Event: 43.020 Thread 0x0000027ff29daab0 Exception <a 'java/io/FileNotFoundException'{0x00000000ebdc5d90}> (0x00000000ebdc5d90) 
thrown [s\src\hotspot\share\prims\jni.cpp, line 520]
Event: 43.020 Thread 0x0000027ff29daab0 Exception <a 'java/io/FileNotFoundException'{0x00000000ebdc7080}> (0x00000000ebdc7080) 
thrown [s\src\hotspot\share\prims\jni.cpp, line 520]
Event: 43.103 Thread 0x0000027ff29daab0 Implicit null exception at 0x0000027fe355364f to 0x0000027fe35537bc
Event: 43.163 Thread 0x0000027ff29db140 Exception <a 'java/lang/ClassNotFoundException'{0x00000000ead59db8}: sun/util/logging/resources/spi/loggingProvider> (0x00000000ead59db8) 
thrown [s\src\hotspot\share\classfile\systemDictionary.cpp, line 312]
Event: 43.181 Thread 0x0000027ff29db140 Exception <a 'java/lang/IncompatibleClassChangeError'{0x00000000ead9d020}: Found class java.lang.Object, but interface was expected> (0x00000000ead9d020) 
thrown [s\src\hotspot\share\interpreter\linkResolver.cpp, line 840]
Event: 43.787 Thread 0x0000027ff29daab0 Exception <a 'java/lang/NoSuchMethodError'{0x00000000eb78d978}: 'java.lang.Object java.lang.invoke.DirectMethodHandle$Holder.invokeStatic(java.lang.Object, int, java.lang.Object)'> (0x00000000eb78d978) 
thrown [s\src\hotspot\share\interpreter\linkResolver.cpp, line 773]
Event: 43.859 Thread 0x0000027ff29da420 Exception <a 'java/io/FileNotFoundException'{0x00000000eba671d8}> (0x00000000eba671d8) 
thrown [s\src\hotspot\share\prims\jni.cpp, line 520]
Event: 43.860 Thread 0x0000027ff29da420 Exception <a 'java/io/FileNotFoundException'{0x00000000eba68220}> (0x00000000eba68220) 
thrown [s\src\hotspot\share\prims\jni.cpp, line 520]
Event: 43.860 Thread 0x0000027ff29da420 Exception <a 'java/io/FileNotFoundException'{0x00000000eba68fd0}> (0x00000000eba68fd0) 
thrown [s\src\hotspot\share\prims\jni.cpp, line 520]
Event: 53.593 Thread 0x0000027ff29db140 Exception <a 'java/lang/IncompatibleClassChangeError'{0x00000000eae45258}: Found class java.lang.Object, but interface was expected> (0x00000000eae45258) 
thrown [s\src\hotspot\share\interpreter\linkResolver.cpp, line 840]

ZGC Phase Switch (0 events):
No events

VM Operations (20 events):
Event: 53.651 Executing VM operation: HandshakeAllThreads (Deoptimize)
Event: 53.651 Executing VM operation: HandshakeAllThreads (Deoptimize) done
Event: 54.665 Executing VM operation: Cleanup
Event: 54.665 Executing VM operation: Cleanup done
Event: 55.677 Executing VM operation: Cleanup
Event: 55.677 Executing VM operation: Cleanup done
Event: 60.200 Executing VM operation: HandshakeAllThreads (HandshakeForDeflation)
Event: 60.200 Executing VM operation: HandshakeAllThreads (HandshakeForDeflation) done
Event: 60.200 Executing VM operation: RendezvousGCThreads
Event: 60.200 Executing VM operation: RendezvousGCThreads done
Event: 63.213 Executing VM operation: Cleanup
Event: 63.213 Executing VM operation: Cleanup done
Event: 65.225 Executing VM operation: Cleanup
Event: 65.225 Executing VM operation: Cleanup done
Event: 68.262 Executing VM operation: Cleanup
Event: 68.262 Executing VM operation: Cleanup done
Event: 70.280 Executing VM operation: Cleanup
Event: 70.280 Executing VM operation: Cleanup done
Event: 71.280 Executing VM operation: Cleanup
Event: 71.280 Executing VM operation: Cleanup done

Memory protections (0 events):
No events

Nmethod flushes (20 events):
Event: 35.725 Thread 0x0000027fd865cb50 flushing  nmethod 0x0000027fdbae7190
Event: 35.725 Thread 0x0000027fd865cb50 flushing  nmethod 0x0000027fdbaeda90
Event: 35.725 Thread 0x0000027fd865cb50 flushing  nmethod 0x0000027fdbaedd90
Event: 35.725 Thread 0x0000027fd865cb50 flushing  nmethod 0x0000027fdbb05e10
Event: 35.725 Thread 0x0000027fd865cb50 flushing  nmethod 0x0000027fdbb08410
Event: 35.725 Thread 0x0000027fd865cb50 flushing  nmethod 0x0000027fdbb50a10
Event: 35.725 Thread 0x0000027fd865cb50 flushing  nmethod 0x0000027fdbbc0310
Event: 35.725 Thread 0x0000027fd865cb50 flushing  nmethod 0x0000027fdbbc0790
Event: 35.725 Thread 0x0000027fd865cb50 flushing  nmethod 0x0000027fdbbf7e10
Event: 35.725 Thread 0x0000027fd865cb50 flushing  nmethod 0x0000027fdbbf8210
Event: 35.725 Thread 0x0000027fd865cb50 flushing  nmethod 0x0000027fdbbf8c10
Event: 35.725 Thread 0x0000027fd865cb50 flushing  nmethod 0x0000027fdbbfd190
Event: 35.725 Thread 0x0000027fd865cb50 flushing  nmethod 0x0000027fdbc11990
Event: 35.725 Thread 0x0000027fd865cb50 flushing  nmethod 0x0000027fdbc25810
Event: 35.725 Thread 0x0000027fd865cb50 flushing  nmethod 0x0000027fdbc37c10
Event: 35.725 Thread 0x0000027fd865cb50 flushing  nmethod 0x0000027fdbc4af10
Event: 35.725 Thread 0x0000027fd865cb50 flushing  nmethod 0x0000027fdbc94f10
Event: 35.725 Thread 0x0000027fd865cb50 flushing  nmethod 0x0000027fdbc96f90
Event: 35.725 Thread 0x0000027fd865cb50 flushing  nmethod 0x0000027fdbc9a990
Event: 35.725 Thread 0x0000027fd865cb50 flushing  nmethod 0x0000027fdbcb6a10

Events (20 events):
Event: 13.137 Thread 0x0000027ff29df2e0 Thread added: 0x0000027ff29da420
Event: 13.184 Thread 0x0000027fec8deb10 Thread added: 0x0000027ff3d5ac30
Event: 13.191 Thread 0x0000027fd62457a0 Thread added: 0x0000027ff29dcb80
Event: 13.191 Thread 0x0000027fd62457a0 Thread added: 0x0000027ff29db140
Event: 13.913 Thread 0x0000027fed6962f0 Thread exited: 0x0000027fed6962f0
Event: 18.302 Thread 0x0000027ff3d5ac30 Thread exited: 0x0000027ff3d5ac30
Event: 30.252 Thread 0x0000027ff29db140 Thread added: 0x0000027ff29daab0
Event: 30.951 Thread 0x0000027ff29db140 Thread added: 0x0000027ff29dec50
Event: 31.524 Thread 0x0000027fec8dba60 Thread added: 0x0000027ff22054d0
Event: 32.055 Thread 0x0000027ff22054d0 Thread exited: 0x0000027ff22054d0
Event: 32.091 Thread 0x0000027fec8deb10 Thread added: 0x0000027ff22054d0
Event: 32.960 Thread 0x0000027ff22054d0 Thread exited: 0x0000027ff22054d0
Event: 32.972 Thread 0x0000027fec8deb10 Thread added: 0x0000027ff314a360
Event: 33.560 Thread 0x0000027ff314a360 Thread exited: 0x0000027ff314a360
Event: 40.811 Thread 0x0000027fec8deb10 Thread added: 0x0000027ff314a360
Event: 49.279 Thread 0x0000027ff314a360 Thread exited: 0x0000027ff314a360
Event: 53.811 Thread 0x0000027fec8deb10 Thread added: 0x0000027ff35e3310
Event: 54.523 Thread 0x0000027ff35e3310 Thread exited: 0x0000027ff35e3310
Event: 54.748 Thread 0x0000027fec8deb10 Thread added: 0x0000027ff314a360
Event: 59.806 Thread 0x0000027ff314a360 Thread exited: 0x0000027ff314a360


Dynamic libraries:
0x00007ff6ed8e0000 - 0x00007ff6ed8ee000 	c:\Users\lucas\.cursor\extensions\redhat.java-1.41.1-win32-x64\jre\21.0.6-win32-x86_64\bin\java.exe
0x00007fff6e810000 - 0x00007fff6ea08000 	C:\Windows\SYSTEM32\ntdll.dll
0x00007fff6e6c0000 - 0x00007fff6e782000 	C:\Windows\System32\KERNEL32.DLL
0x00007fff6c240000 - 0x00007fff6c536000 	C:\Windows\System32\KERNELBASE.dll
0x00007fff6c140000 - 0x00007fff6c240000 	C:\Windows\System32\ucrtbase.dll
0x00007fff59390000 - 0x00007fff593a8000 	c:\Users\lucas\.cursor\extensions\redhat.java-1.41.1-win32-x64\jre\21.0.6-win32-x86_64\bin\jli.dll
0x00007fff59370000 - 0x00007fff5938e000 	c:\Users\lucas\.cursor\extensions\redhat.java-1.41.1-win32-x64\jre\21.0.6-win32-x86_64\bin\VCRUNTIME140.dll
0x00007fff6e260000 - 0x00007fff6e3fd000 	C:\Windows\System32\USER32.dll
0x00007fff57c80000 - 0x00007fff57f1a000 	C:\Windows\WinSxS\amd64_microsoft.windows.common-controls_6595b64144ccf1df_6.0.19041.4355_none_60b8b9eb71f62e16\COMCTL32.dll
0x00007fff6e460000 - 0x00007fff6e4fe000 	C:\Windows\System32\msvcrt.dll
0x00007fff6c800000 - 0x00007fff6c822000 	C:\Windows\System32\win32u.dll
0x00007fff6e790000 - 0x00007fff6e7bb000 	C:\Windows\System32\GDI32.dll
0x00007fff6bea0000 - 0x00007fff6bfba000 	C:\Windows\System32\gdi32full.dll
0x00007fff6c760000 - 0x00007fff6c7fd000 	C:\Windows\System32\msvcp_win.dll
0x00007fff6df00000 - 0x00007fff6df2f000 	C:\Windows\System32\IMM32.DLL
0x00007fff68ca0000 - 0x00007fff68cac000 	c:\Users\lucas\.cursor\extensions\redhat.java-1.41.1-win32-x64\jre\21.0.6-win32-x86_64\bin\vcruntime140_1.dll
0x00007fff5b6c0000 - 0x00007fff5b74d000 	c:\Users\lucas\.cursor\extensions\redhat.java-1.41.1-win32-x64\jre\21.0.6-win32-x86_64\bin\msvcp140.dll
0x00007ffee14f0000 - 0x00007ffee2280000 	c:\Users\lucas\.cursor\extensions\redhat.java-1.41.1-win32-x64\jre\21.0.6-win32-x86_64\bin\server\jvm.dll
0x00007fff6d230000 - 0x00007fff6d2df000 	C:\Windows\System32\ADVAPI32.dll
0x00007fff6dc90000 - 0x00007fff6dd2f000 	C:\Windows\System32\sechost.dll
0x00007fff6d3f0000 - 0x00007fff6d513000 	C:\Windows\System32\RPCRT4.dll
0x00007fff6c5d0000 - 0x00007fff6c5f7000 	C:\Windows\System32\bcrypt.dll
0x00007fff6e120000 - 0x00007fff6e18b000 	C:\Windows\System32\WS2_32.dll
0x00007fff6b5f0000 - 0x00007fff6b63b000 	C:\Windows\SYSTEM32\POWRPROF.dll
0x00007fff554f0000 - 0x00007fff55517000 	C:\Windows\SYSTEM32\WINMM.dll
0x00007fff66b10000 - 0x00007fff66b1a000 	C:\Windows\SYSTEM32\VERSION.dll
0x00007fff6b5d0000 - 0x00007fff6b5e2000 	C:\Windows\SYSTEM32\UMPDC.dll
0x00007fff69c20000 - 0x00007fff69c32000 	C:\Windows\SYSTEM32\kernel.appcore.dll
0x00007fff68c90000 - 0x00007fff68c9a000 	c:\Users\lucas\.cursor\extensions\redhat.java-1.41.1-win32-x64\jre\21.0.6-win32-x86_64\bin\jimage.dll
0x00007fff536e0000 - 0x00007fff538c4000 	C:\Windows\SYSTEM32\DBGHELP.DLL
0x00007fff47500000 - 0x00007fff47534000 	C:\Windows\SYSTEM32\dbgcore.DLL
0x00007fff6c540000 - 0x00007fff6c5c2000 	C:\Windows\System32\bcryptPrimitives.dll
0x00007fff5d5b0000 - 0x00007fff5d5bf000 	c:\Users\lucas\.cursor\extensions\redhat.java-1.41.1-win32-x64\jre\21.0.6-win32-x86_64\bin\instrument.dll
0x00007fff5d570000 - 0x00007fff5d58f000 	c:\Users\lucas\.cursor\extensions\redhat.java-1.41.1-win32-x64\jre\21.0.6-win32-x86_64\bin\java.dll
0x00007fff6d520000 - 0x00007fff6dc8f000 	C:\Windows\System32\SHELL32.dll
0x00007fff69f00000 - 0x00007fff6a6a3000 	C:\Windows\SYSTEM32\windows.storage.dll
0x00007fff6c9e0000 - 0x00007fff6cd35000 	C:\Windows\System32\combase.dll
0x00007fff6b7f0000 - 0x00007fff6b81b000 	C:\Windows\SYSTEM32\Wldp.dll
0x00007fff6e190000 - 0x00007fff6e25d000 	C:\Windows\System32\OLEAUT32.dll
0x00007fff6e070000 - 0x00007fff6e11d000 	C:\Windows\System32\SHCORE.dll
0x00007fff6cd40000 - 0x00007fff6cd95000 	C:\Windows\System32\shlwapi.dll
0x00007fff6bdd0000 - 0x00007fff6bdf5000 	C:\Windows\SYSTEM32\profapi.dll
0x00007fff69260000 - 0x00007fff69278000 	c:\Users\lucas\.cursor\extensions\redhat.java-1.41.1-win32-x64\jre\21.0.6-win32-x86_64\bin\zip.dll
0x00007fff69250000 - 0x00007fff69260000 	C:\Users\lucas\.cursor\extensions\redhat.java-1.41.1-win32-x64\jre\21.0.6-win32-x86_64\bin\net.dll
0x00007fff64640000 - 0x00007fff6474a000 	C:\Windows\SYSTEM32\WINHTTP.dll
0x00007fff6b560000 - 0x00007fff6b5cc000 	C:\Windows\system32\mswsock.dll
0x00007fff68c70000 - 0x00007fff68c86000 	C:\Users\lucas\.cursor\extensions\redhat.java-1.41.1-win32-x64\jre\21.0.6-win32-x86_64\bin\nio.dll
0x00007fff69240000 - 0x00007fff69250000 	c:\Users\lucas\.cursor\extensions\redhat.java-1.41.1-win32-x64\jre\21.0.6-win32-x86_64\bin\verify.dll
0x00007fff5aba0000 - 0x00007fff5abe5000 	C:\Users\lucas\AppData\Roaming\Cursor\User\globalStorage\redhat.java\1.41.1\config_ss_win\org.eclipse.equinox.launcher\org.eclipse.equinox.launcher.win32.win32.x86_64_1.2.1300.v20250331-1702\eclipse_11911.dll
0x00007fff6e500000 - 0x00007fff6e62b000 	C:\Windows\System32\ole32.dll
0x00007fff6b830000 - 0x00007fff6b848000 	C:\Windows\SYSTEM32\CRYPTSP.dll
0x00007fff6ae40000 - 0x00007fff6ae78000 	C:\Windows\system32\rsaenh.dll
0x00007fff6bd90000 - 0x00007fff6bdbe000 	C:\Windows\SYSTEM32\USERENV.dll
0x00007fff6b760000 - 0x00007fff6b76c000 	C:\Windows\SYSTEM32\CRYPTBASE.dll
0x00007fff6b260000 - 0x00007fff6b29b000 	C:\Windows\SYSTEM32\IPHLPAPI.DLL
0x00007fff6d220000 - 0x00007fff6d228000 	C:\Windows\System32\NSI.dll
0x00007fff5a3a0000 - 0x00007fff5a3e9000 	C:\Users\lucas\AppData\Local\Temp\jna-103324076\jna11359368596706853478.dll
0x00007fff6e7c0000 - 0x00007fff6e7c8000 	C:\Windows\System32\PSAPI.DLL
0x00007fff66690000 - 0x00007fff666a7000 	C:\Windows\SYSTEM32\dhcpcsvc6.DLL
0x00007fff66670000 - 0x00007fff6668d000 	C:\Windows\SYSTEM32\dhcpcsvc.DLL

dbghelp: loaded successfully - version: 4.0.5 - missing functions: none
symbol engine: initialized successfully - sym options: 0x614 - pdb path: .;c:\Users\lucas\.cursor\extensions\redhat.java-1.41.1-win32-x64\jre\21.0.6-win32-x86_64\bin;C:\Windows\SYSTEM32;C:\Windows\WinSxS\amd64_microsoft.windows.common-controls_6595b64144ccf1df_6.0.19041.4355_none_60b8b9eb71f62e16;c:\Users\lucas\.cursor\extensions\redhat.java-1.41.1-win32-x64\jre\21.0.6-win32-x86_64\bin\server;C:\Users\lucas\AppData\Roaming\Cursor\User\globalStorage\redhat.java\1.41.1\config_ss_win\org.eclipse.equinox.launcher\org.eclipse.equinox.launcher.win32.win32.x86_64_1.2.1300.v20250331-1702;C:\Users\lucas\AppData\Local\Temp\jna-103324076

VM Arguments:
jvm_args: --add-modules=ALL-SYSTEM --add-opens=java.base/java.util=ALL-UNNAMED --add-opens=java.base/java.lang=ALL-UNNAMED --add-opens=java.base/sun.nio.fs=ALL-UNNAMED -Declipse.application=org.eclipse.jdt.ls.core.id1 -Dosgi.bundles.defaultStartLevel=4 -Declipse.product=org.eclipse.jdt.ls.core.product -Djava.import.generatesMetadataFilesAtProjectRoot=false -DDetectVMInstallationsJob.disabled=true -Dfile.encoding=utf8 -XX:+UseParallelGC -XX:GCTimeRatio=4 -XX:AdaptiveSizePolicyWeight=90 -Dsun.zip.disableMemoryMapping=true -Xmx1G -Xms100m -Xlog:disable -javaagent:c:\Users\lucas\.cursor\extensions\redhat.java-1.41.1-win32-x64\lombok\lombok-1.18.36.jar 
java_command: c:\Users\lucas\.cursor\extensions\redhat.java-1.41.1-win32-x64\server\plugins\org.eclipse.equinox.launcher_1.7.0.v20250331-1702.jar -configuration c:\Users\lucas\AppData\Roaming\Cursor\User\globalStorage\redhat.java\1.41.1\config_ss_win -data c:\Users\lucas\AppData\Roaming\Cursor\User\workspaceStorage\0e1347ae4d7b241b03502fd2c2bda675\redhat.java\ss_ws --pipe=\\.\pipe\lsp-4cd46e4e64558be30a36f2cbd7ed2061-sock
java_class_path (initial): c:\Users\lucas\.cursor\extensions\redhat.java-1.41.1-win32-x64\server\plugins\org.eclipse.equinox.launcher_1.7.0.v20250331-1702.jar
Launcher Type: SUN_STANDARD

[Global flags]
    uintx AdaptiveSizePolicyWeight                 = 90                                        {product} {command line}
     intx CICompilerCount                          = 3                                         {product} {ergonomic}
    uintx GCTimeRatio                              = 4                                         {product} {command line}
   size_t InitialHeapSize                          = 104857600                                 {product} {command line}
   size_t MaxHeapSize                              = 1073741824                                {product} {command line}
   size_t MaxNewSize                               = 357564416                                 {product} {ergonomic}
   size_t MinHeapDeltaBytes                        = 524288                                    {product} {ergonomic}
   size_t MinHeapSize                              = 104857600                                 {product} {command line}
   size_t NewSize                                  = 34603008                                  {product} {ergonomic}
    uintx NonNMethodCodeHeapSize                   = 5832780                                {pd product} {ergonomic}
    uintx NonProfiledCodeHeapSize                  = 122912730                              {pd product} {ergonomic}
   size_t OldSize                                  = 70254592                                  {product} {ergonomic}
    uintx ProfiledCodeHeapSize                     = 122912730                              {pd product} {ergonomic}
    uintx ReservedCodeCacheSize                    = 251658240                              {pd product} {ergonomic}
     bool SegmentedCodeCache                       = true                                      {product} {ergonomic}
   size_t SoftMaxHeapSize                          = 1073741824                             {manageable} {ergonomic}
     bool UseCompressedOops                        = true                           {product lp64_product} {ergonomic}
     bool UseLargePagesIndividualAllocation        = false                                  {pd product} {ergonomic}
     bool UseParallelGC                            = true                                      {product} {command line}

Logging:
Log output configuration:
 #0: stdout all=off uptime,level,tags foldmultilines=false
 #1: stderr all=off uptime,level,tags foldmultilines=false

Environment Variables:
PATH=C:\Python311\Scripts\;C:\Python311\;C:\Program Files\Common Files\Oracle\Java\javapath;C:\Program Files (x86)\Common Files\Oracle\Java\javapath;C:\ProgramData\Oracle\Java\javapath;C:\Windows\system32;C:\Windows;C:\Windows\System32\Wbem;C:\Windows\System32\WindowsPowerShell\v1.0\;C:\Windows\System32\OpenSSH\;C:\Program Files\NVIDIA Corporation\NVIDIA NvDLISR;C:\Program Files (x86)\NVIDIA Corporation\PhysX\Common;C:\Program Files\dotnet\;C:\ProgramData\UNIVALI\Portugol Studio;C:\ProgramData\chocolatey\bin;C:\Program Files\Git\cmd;C:\Windows\System32\OpenSSH\;C:\;C:\Program Files\MySQL\MySQL Shell 8.0\bin\;C:\Users\lucas\AppData\Local\Microsoft\WindowsApps;E:\Microsoft VS Code\bin;C:\apache-maven-3.9.5\bin;C:\Program Files\heroku\bin;D:\cursor\resources\app\bin;C:\Users\lucas\AppData\Roaming\npm
USERNAME=lucas
OS=Windows_NT
PROCESSOR_IDENTIFIER=Intel64 Family 6 Model 158 Stepping 9, GenuineIntel
TMP=C:\Users\lucas\AppData\Local\Temp
TEMP=C:\Users\lucas\AppData\Local\Temp




Periodic native trim disabled

---------------  S Y S T E M  ---------------

OS:
 Windows 10 , 64 bit Build 19041 (10.0.19041.5678)
OS uptime: 1 days 7:41 hours
Hyper-V role detected

CPU: total 4 (initial active 4) (2 cores per cpu, 2 threads per core) family 6 model 158 stepping 9 microcode 0xb4, cx8, cmov, fxsr, ht, mmx, 3dnowpref, sse, sse2, sse3, ssse3, sse4.1, sse4.2, popcnt, lzcnt, tsc, tscinvbit, aes, erms, clmul, clflush, clflushopt, hv, rdtscp
Processor Information for the first 4 processors :
  Max Mhz: 3500, Current Mhz: 3500, Mhz Limit: 3500

Memory: 4k page, system-wide physical 12247M (2163M free)
TotalPageFile size 14323M (AvailPageFile size 0M)
current process WorkingSet (physical memory assigned to process): 182M, peak: 229M
current process commit charge ("private bytes"): 246M, peak: 294M

vm_info: OpenJDK 64-Bit Server VM (21.0.6+7-LTS) for windows-amd64 JRE (21.0.6+7-LTS), built on 2025-01-21T00:00:00Z by "admin" with MS VC++ 17.7 (VS2022)

END.
